<?xml version="1.0" encoding="UTF-8"?>
<robot generator="Robot 6.1.1 (Python 3.12.0 on darwin)" generated="20240129 23:48:56.834" rpa="false" schemaversion="4">
<suite id="s1" name="ReservationArrivalTest" source="/Users/mufidnuha/development/robot-scripts/joumpa/Tests/Reservation/ReservationArrivalTest.robot">
<test id="s1-t1" name="TC-M07-009" line="178">
<kw name="Begin Web Test" library="Common" type="SETUP">
<arg>${BROWSER}</arg>
<kw name="Open Browser" library="SeleniumLibrary">
<arg>about:blank</arg>
<arg>${BROWSER}</arg>
<doc>Opens a new browser instance to the optional ``url``.</doc>
<msg timestamp="20240129 23:48:57.059" level="INFO">Opening browser 'chrome' to base url 'about:blank'.</msg>
<status status="PASS" starttime="20240129 23:48:57.059" endtime="20240129 23:48:58.839"/>
</kw>
<kw name="Maximize Browser Window" library="SeleniumLibrary">
<doc>Maximizes current browser window.</doc>
<status status="PASS" starttime="20240129 23:48:58.841" endtime="20240129 23:48:58.951"/>
</kw>
<status status="PASS" starttime="20240129 23:48:57.059" endtime="20240129 23:48:58.952"/>
</kw>
<kw name="User located in &quot;Home&quot; page" library="HomePage">
<kw name="Navigate To Location" library="Common">
<arg>${START_URL}</arg>
<arg>${EMPTY}</arg>
<kw name="Set Variable" library="BuiltIn">
<var>${URL}</var>
<arg>${START_URL}${PATH}</arg>
<doc>Returns the given values which can then be assigned to a variables.</doc>
<msg timestamp="20240129 23:48:58.955" level="INFO">${URL} = https://www.joumpa.com/</msg>
<status status="PASS" starttime="20240129 23:48:58.955" endtime="20240129 23:48:58.955"/>
</kw>
<kw name="Go To" library="SeleniumLibrary">
<arg>${URL}</arg>
<doc>Navigates the current browser window to the provided ``url``.</doc>
<msg timestamp="20240129 23:48:58.955" level="INFO">Opening url 'https://www.joumpa.com/'</msg>
<status status="PASS" starttime="20240129 23:48:58.955" endtime="20240129 23:49:01.463"/>
</kw>
<status status="PASS" starttime="20240129 23:48:58.953" endtime="20240129 23:49:01.464"/>
</kw>
<kw name="Wait Until Page Contains" library="SeleniumLibrary">
<arg>${homepage_en_reservation_header}</arg>
<doc>Waits until ``text`` appears on the current page.</doc>
<status status="PASS" starttime="20240129 23:49:01.464" endtime="20240129 23:49:01.487"/>
</kw>
<kw name="Get Text" library="SeleniumLibrary">
<var>${LANGUAGE_DEFAULT}</var>
<arg>${header_language_active}</arg>
<doc>Returns the text value of the element identified by ``locator``.</doc>
<msg timestamp="20240129 23:49:01.504" level="INFO">${LANGUAGE_DEFAULT} = EN</msg>
<status status="PASS" starttime="20240129 23:49:01.487" endtime="20240129 23:49:01.504"/>
</kw>
<status status="PASS" starttime="20240129 23:48:58.952" endtime="20240129 23:49:01.505"/>
</kw>
<kw name="Input date in &quot;Arrival Date&quot; field" library="HomePage">
<arg>${prod_arrival_date_invalid}</arg>
<kw name="Input Text" library="SeleniumLibrary">
<arg>${homepage_reservation_arrival_date_input}</arg>
<arg>${arrival_date}</arg>
<doc>Types the given ``text`` into the text field identified by ``locator``.</doc>
<msg timestamp="20240129 23:49:01.505" level="INFO">Typing text '25012024' into text field '//input[@name="date"]'.</msg>
<status status="PASS" starttime="20240129 23:49:01.505" endtime="20240129 23:49:01.676"/>
</kw>
<status status="PASS" starttime="20240129 23:49:01.505" endtime="20240129 23:49:01.677"/>
</kw>
<kw name="Click Button" library="SeleniumLibrary">
<arg>${homepage_reservation_booking_button}</arg>
<doc>Clicks the button identified by ``locator``.</doc>
<msg timestamp="20240129 23:49:01.677" level="INFO">Clicking button '//div[@class="jumbotron-title"]//button'.</msg>
<status status="PASS" starttime="20240129 23:49:01.677" endtime="20240129 23:49:01.778"/>
</kw>
<kw name="Show Alerts">
<arg>Date must be greater than equal to</arg>
<arg>${True}</arg>
<if>
<branch type="IF" condition="${arrival_date_less}">
<kw name="Get Current Date" library="DateTime">
<var>${prod_current_date}</var>
<arg>result_format=datetime</arg>
<doc>Returns current local or UTC time with an optional increment.</doc>
<msg timestamp="20240129 23:49:01.779" level="INFO">${prod_current_date} = 2024-01-29 23:49:01.778911</msg>
<status status="PASS" starttime="20240129 23:49:01.779" endtime="20240129 23:49:01.779"/>
</kw>
<kw name="Convert Date" library="DateTime">
<var>${today}</var>
<arg>${prod_current_date}</arg>
<arg>result_format=%d/%m/%Y</arg>
<doc>Converts between supported `date formats`.</doc>
<msg timestamp="20240129 23:49:01.779" level="INFO">${today} = 29/01/2024</msg>
<status status="PASS" starttime="20240129 23:49:01.779" endtime="20240129 23:49:01.779"/>
</kw>
<kw name="Wait Until Page Contains" library="SeleniumLibrary">
<arg>${error_message} ${today}!</arg>
<doc>Waits until ``text`` appears on the current page.</doc>
<msg timestamp="20240129 23:49:07.416" level="INFO" html="true">&lt;/td&gt;&lt;/tr&gt;&lt;tr&gt;&lt;td colspan="3"&gt;&lt;a href="selenium-screenshot-8.png"&gt;&lt;img src="selenium-screenshot-8.png" width="800px"&gt;&lt;/a&gt;</msg>
<msg timestamp="20240129 23:49:07.417" level="FAIL">Text 'Date must be greater than equal to 29/01/2024!' did not appear in 5 seconds.</msg>
<status status="FAIL" starttime="20240129 23:49:01.779" endtime="20240129 23:49:07.422"/>
</kw>
<kw name="Page Should Contain" library="SeleniumLibrary">
<arg>${error_message} ${today}!</arg>
<doc>Verifies that current page contains ``text``.</doc>
<status status="NOT RUN" starttime="20240129 23:49:07.423" endtime="20240129 23:49:07.423"/>
</kw>
<status status="FAIL" starttime="20240129 23:49:01.779" endtime="20240129 23:49:07.423"/>
</branch>
<branch type="ELSE">
<kw name="Wait Until Page Contains" library="SeleniumLibrary">
<arg>${error_message}</arg>
<doc>Waits until ``text`` appears on the current page.</doc>
<status status="NOT RUN" starttime="20240129 23:49:07.423" endtime="20240129 23:49:07.423"/>
</kw>
<kw name="Page Should Contain" library="SeleniumLibrary">
<arg>${error_message}</arg>
<doc>Verifies that current page contains ``text``.</doc>
<status status="NOT RUN" starttime="20240129 23:49:07.423" endtime="20240129 23:49:07.423"/>
</kw>
<status status="NOT RUN" starttime="20240129 23:49:07.423" endtime="20240129 23:49:07.423"/>
</branch>
<status status="FAIL" starttime="20240129 23:49:01.779" endtime="20240129 23:49:07.423"/>
</if>
<status status="FAIL" starttime="20240129 23:49:01.778" endtime="20240129 23:49:07.423"/>
</kw>
<kw name="End Web Test" library="Common" type="TEARDOWN">
<kw name="Close Browser" library="SeleniumLibrary">
<doc>Closes the current browser.</doc>
<status status="PASS" starttime="20240129 23:49:07.432" endtime="20240129 23:49:07.545"/>
</kw>
<status status="PASS" starttime="20240129 23:49:07.424" endtime="20240129 23:49:07.546"/>
</kw>
<doc>Verify an alerts appears when input "Arrival Date" less than today in Initial Form</doc>
<tag>arrival</tag>
<tag>m-pub-07</tag>
<tag>reservation</tag>
<tag>ts-m07-015</tag>
<tag>web public</tag>
<status status="FAIL" starttime="20240129 23:48:57.058" endtime="20240129 23:49:07.546">Text 'Date must be greater than equal to 29/01/2024!' did not appear in 5 seconds.</status>
</test>
<doc>Testing joumpa</doc>
<status status="FAIL" starttime="20240129 23:48:56.837" endtime="20240129 23:49:07.546"/>
</suite>
<statistics>
<total>
<stat pass="0" fail="1" skip="0">All Tests</stat>
</total>
<tag>
<stat pass="0" fail="1" skip="0">arrival</stat>
<stat pass="0" fail="1" skip="0">m-pub-07</stat>
<stat pass="0" fail="1" skip="0">reservation</stat>
<stat pass="0" fail="1" skip="0">ts-m07-015</stat>
<stat pass="0" fail="1" skip="0">web public</stat>
</tag>
<suite>
<stat pass="0" fail="1" skip="0" id="s1" name="ReservationArrivalTest">ReservationArrivalTest</stat>
</suite>
</statistics>
<errors>
</errors>
</robot>
