<?xml version="1.0" encoding="UTF-8"?>
<robot generator="Robot 6.1.1 (Python 3.12.0 on darwin)" generated="20240128 12:38:47.227" rpa="false" schemaversion="4">
<suite id="s1" name="ReservationArrivalTest" source="/Users/mufidnuha/development/robot-scripts/joumpa/Tests/Reservation/ReservationArrivalTest.robot">
<test id="s1-t1" name="TC-M07-051" line="1251">
<kw name="Begin Web Test" library="Common" type="SETUP">
<arg>${BROWSER}</arg>
<kw name="Open Browser" library="SeleniumLibrary">
<arg>about:blank</arg>
<arg>${BROWSER}</arg>
<doc>Opens a new browser instance to the optional ``url``.</doc>
<msg timestamp="20240128 12:38:47.374" level="INFO">Opening browser 'chrome' to base url 'about:blank'.</msg>
<status status="PASS" starttime="20240128 12:38:47.374" endtime="20240128 12:38:49.432"/>
</kw>
<kw name="Maximize Browser Window" library="SeleniumLibrary">
<doc>Maximizes current browser window.</doc>
<status status="PASS" starttime="20240128 12:38:49.434" endtime="20240128 12:38:49.546"/>
</kw>
<status status="PASS" starttime="20240128 12:38:47.374" endtime="20240128 12:38:49.546"/>
</kw>
<kw name="User has filled in the Flight form correctly" library="ReservationFlightPage">
<arg>${airport_surabaya}</arg>
<arg>${airport_tangerang}</arg>
<arg>${airline_valid}</arg>
<arg>${flight_number_valid}</arg>
<arg>${arrival_date_valid}</arg>
<arg>${est_arrival_time_valid}</arg>
<kw name="User located in &quot;Reservation&quot; Page" library="ReservationFlightPage">
<kw name="Navigate To Location" library="Common">
<arg>${start_url}</arg>
<arg>${path_reservation}</arg>
<kw name="Set Variable" library="BuiltIn">
<var>${URL}</var>
<arg>${START_URL}${PATH}</arg>
<doc>Returns the given values which can then be assigned to a variables.</doc>
<msg timestamp="20240128 12:38:49.548" level="INFO">${URL} = https://www.joumpa.com/reservation</msg>
<status status="PASS" starttime="20240128 12:38:49.548" endtime="20240128 12:38:49.548"/>
</kw>
<kw name="Go To" library="SeleniumLibrary">
<arg>${URL}</arg>
<doc>Navigates the current browser window to the provided ``url``.</doc>
<msg timestamp="20240128 12:38:49.548" level="INFO">Opening url 'https://www.joumpa.com/reservation'</msg>
<status status="PASS" starttime="20240128 12:38:49.548" endtime="20240128 12:38:50.807"/>
</kw>
<status status="PASS" starttime="20240128 12:38:49.547" endtime="20240128 12:38:50.807"/>
</kw>
<kw name="Wait Until Page Contains" library="SeleniumLibrary">
<arg>${reservation_flight_en_new_reservation_title}</arg>
<doc>Waits until ``text`` appears on the current page.</doc>
<status status="PASS" starttime="20240128 12:38:50.808" endtime="20240128 12:38:50.819"/>
</kw>
<status status="PASS" starttime="20240128 12:38:49.547" endtime="20240128 12:38:50.819"/>
</kw>
<kw name="Click Element" library="SeleniumLibrary">
<arg>${reservation_flight_arrival_button}</arg>
<doc>Click the element identified by ``locator``.</doc>
<msg timestamp="20240128 12:38:50.820" level="INFO">Clicking element '//span[contains(text(), "flight_land")]//ancestor::div[@class="button"]'.</msg>
<status status="PASS" starttime="20240128 12:38:50.820" endtime="20240128 12:38:50.868"/>
</kw>
<kw name="Search and select the airport in the &quot;Origin&quot; field" library="ReservationFlightPage">
<arg>${origin_airport}[keyword]</arg>
<arg>${origin_airport}[airport]</arg>
<kw name="Input Text" library="SeleniumLibrary">
<arg>${reservation_flight_origin_input}</arg>
<arg>${keyword}</arg>
<doc>Types the given ``text`` into the text field identified by ``locator``.</doc>
<msg timestamp="20240128 12:38:50.871" level="INFO">Typing text 'Juanda' into text field '//input[@name="airport_id_from"]//preceding-sibling::div//input'.</msg>
<status status="PASS" starttime="20240128 12:38:50.871" endtime="20240128 12:38:50.999"/>
</kw>
<kw name="Wait Until Page Contains" library="SeleniumLibrary">
<arg>${airport}</arg>
<arg>20s</arg>
<doc>Waits until ``text`` appears on the current page.</doc>
<status status="PASS" starttime="20240128 12:38:51.000" endtime="20240128 12:38:51.653"/>
</kw>
<kw name="Set Airport" library="ReservationFlightPage">
<arg>${airport}</arg>
<kw name="Set Global Variable" library="BuiltIn">
<arg>${selected_airport}</arg>
<arg>//div[contains(text(), "${airport}")]</arg>
<doc>Makes a variable available globally in all tests and suites.</doc>
<msg timestamp="20240128 12:38:51.655" level="INFO">${selected_airport} = //div[contains(text(), "SUB-Kota Surabaya-Juanda International Airport")]</msg>
<status status="PASS" starttime="20240128 12:38:51.654" endtime="20240128 12:38:51.655"/>
</kw>
<status status="PASS" starttime="20240128 12:38:51.654" endtime="20240128 12:38:51.655"/>
</kw>
<kw name="Click Element" library="SeleniumLibrary">
<arg>${selected_airport}</arg>
<doc>Click the element identified by ``locator``.</doc>
<msg timestamp="20240128 12:38:51.656" level="INFO">Clicking element '//div[contains(text(), "SUB-Kota Surabaya-Juanda International Airport")]'.</msg>
<status status="PASS" starttime="20240128 12:38:51.655" endtime="20240128 12:38:51.708"/>
</kw>
<status status="PASS" starttime="20240128 12:38:50.869" endtime="20240128 12:38:51.708"/>
</kw>
<kw name="Search and select the airport in the &quot;Destination&quot; field" library="ReservationFlightPage">
<arg>${destination_airport}[keyword]</arg>
<arg>${destination_airport}[airport]</arg>
<kw name="Input Text" library="SeleniumLibrary">
<arg>${reservation_flight_destination_input}</arg>
<arg>${keyword}</arg>
<doc>Types the given ``text`` into the text field identified by ``locator``.</doc>
<msg timestamp="20240128 12:38:51.711" level="INFO">Typing text 'cgk' into text field '//input[@name="airport_id_to"]//preceding-sibling::div//input'.</msg>
<status status="PASS" starttime="20240128 12:38:51.710" endtime="20240128 12:38:51.750"/>
</kw>
<kw name="Wait Until Page Contains" library="SeleniumLibrary">
<arg>${airport}</arg>
<arg>20s</arg>
<doc>Waits until ``text`` appears on the current page.</doc>
<status status="PASS" starttime="20240128 12:38:51.750" endtime="20240128 12:38:52.403"/>
</kw>
<kw name="Set Airport" library="ReservationFlightPage">
<arg>${airport}</arg>
<kw name="Set Global Variable" library="BuiltIn">
<arg>${selected_airport}</arg>
<arg>//div[contains(text(), "${airport}")]</arg>
<doc>Makes a variable available globally in all tests and suites.</doc>
<msg timestamp="20240128 12:38:52.404" level="INFO">${selected_airport} = //div[contains(text(), "CGK-Kota Tangerang-Soekarno Hatta International Airport")]</msg>
<status status="PASS" starttime="20240128 12:38:52.404" endtime="20240128 12:38:52.404"/>
</kw>
<status status="PASS" starttime="20240128 12:38:52.403" endtime="20240128 12:38:52.404"/>
</kw>
<kw name="Click Element" library="SeleniumLibrary">
<arg>${selected_airport}</arg>
<doc>Click the element identified by ``locator``.</doc>
<msg timestamp="20240128 12:38:52.405" level="INFO">Clicking element '//div[contains(text(), "CGK-Kota Tangerang-Soekarno Hatta International Airport")]'.</msg>
<status status="PASS" starttime="20240128 12:38:52.404" endtime="20240128 12:38:52.458"/>
</kw>
<status status="PASS" starttime="20240128 12:38:51.708" endtime="20240128 12:38:52.458"/>
</kw>
<kw name="Search and select the airport in the &quot;Airline&quot; field" library="ReservationFlightPage">
<arg>${airline}[keyword]</arg>
<arg>${airline}[airline]</arg>
<kw name="Input Text" library="SeleniumLibrary">
<arg>${reservation_flight_flight_info_airline_select_input}</arg>
<arg>${keyword}</arg>
<doc>Types the given ``text`` into the text field identified by ``locator``.</doc>
<msg timestamp="20240128 12:38:52.459" level="INFO">Typing text 'lion' into text field '//input[@name="airplane_name"]//preceding-sibling::div//input'.</msg>
<status status="PASS" starttime="20240128 12:38:52.459" endtime="20240128 12:38:52.505"/>
</kw>
<kw name="Wait Until Page Contains" library="SeleniumLibrary">
<arg>${airline}</arg>
<arg>20s</arg>
<doc>Waits until ``text`` appears on the current page.</doc>
<status status="PASS" starttime="20240128 12:38:52.505" endtime="20240128 12:38:52.726"/>
</kw>
<kw name="Set Airline" library="ReservationFlightPage">
<arg>${airline}</arg>
<kw name="Set Global Variable" library="BuiltIn">
<arg>${selected_airline}</arg>
<arg>//div[contains(text(), "${airline}")]</arg>
<doc>Makes a variable available globally in all tests and suites.</doc>
<msg timestamp="20240128 12:38:52.727" level="INFO">${selected_airline} = //div[contains(text(), "JT - Lion Air")]</msg>
<status status="PASS" starttime="20240128 12:38:52.727" endtime="20240128 12:38:52.727"/>
</kw>
<status status="PASS" starttime="20240128 12:38:52.726" endtime="20240128 12:38:52.728"/>
</kw>
<kw name="Click Element" library="SeleniumLibrary">
<arg>${selected_airline}</arg>
<doc>Click the element identified by ``locator``.</doc>
<msg timestamp="20240128 12:38:52.728" level="INFO">Clicking element '//div[contains(text(), "JT - Lion Air")]'.</msg>
<status status="PASS" starttime="20240128 12:38:52.728" endtime="20240128 12:38:52.768"/>
</kw>
<status status="PASS" starttime="20240128 12:38:52.458" endtime="20240128 12:38:52.769"/>
</kw>
<kw name="Input Text" library="SeleniumLibrary">
<arg>${reservation_flight_flight_info_flight_number_input}</arg>
<arg>${flight_number}</arg>
<doc>Types the given ``text`` into the text field identified by ``locator``.</doc>
<msg timestamp="20240128 12:38:52.769" level="INFO">Typing text 'A899U7G' into text field '//input[@name="airplane_number"]'.</msg>
<status status="PASS" starttime="20240128 12:38:52.769" endtime="20240128 12:38:52.824"/>
</kw>
<kw name="Input Text" library="SeleniumLibrary">
<arg>${reservation_flight_flight_info_date_input}</arg>
<arg>${arrival_date}</arg>
<doc>Types the given ``text`` into the text field identified by ``locator``.</doc>
<msg timestamp="20240128 12:38:52.825" level="INFO">Typing text '20022024' into text field '//input[@name="date"]'.</msg>
<status status="PASS" starttime="20240128 12:38:52.825" endtime="20240128 12:38:52.937"/>
</kw>
<kw name="Input Text" library="SeleniumLibrary">
<arg>${reservation_flight_flight_info_time_input}</arg>
<arg>${est_arrival_time}</arg>
<doc>Types the given ``text`` into the text field identified by ``locator``.</doc>
<msg timestamp="20240128 12:38:52.937" level="INFO">Typing text '0720' into text field '//input[@name="time"]'.</msg>
<status status="PASS" starttime="20240128 12:38:52.937" endtime="20240128 12:38:53.011"/>
</kw>
<kw name="Click Element" library="SeleniumLibrary">
<arg>${reservation_flight_products}</arg>
<doc>Click the element identified by ``locator``.</doc>
<msg timestamp="20240128 12:38:53.012" level="INFO">Clicking element '//div[@style="float: right;"]//preceding-sibling::div[1]//span[@class="card-header-inactive"]'.</msg>
<status status="PASS" starttime="20240128 12:38:53.011" endtime="20240128 12:38:53.038"/>
</kw>
<kw name="Click Button" library="SeleniumLibrary">
<arg>${reservation_flight_next_button}</arg>
<doc>Clicks the button identified by ``locator``.</doc>
<msg timestamp="20240128 12:38:53.038" level="INFO">Clicking button '//div[@style="float: right;"]//button[2]'.</msg>
<status status="PASS" starttime="20240128 12:38:53.038" endtime="20240128 12:38:53.069"/>
</kw>
<kw name="The &quot;Passenger&quot; form display correctly" library="ReservationPassengerPage">
<arg>${LANGUAGE_DEFAULT}</arg>
<kw name="Page Should Contain Header Reservation" library="ReservationFlightPage">
<arg>${language}</arg>
<kw name="Page Should Contain Image" library="SeleniumLibrary">
<arg>${header_joumpa_logo}</arg>
<doc>Verifies image identified by ``locator`` is found from current page.</doc>
<msg timestamp="20240128 12:38:53.077" level="INFO">Current page contains image '//a[@class="navbar-brand"]/img'.</msg>
<status status="PASS" starttime="20240128 12:38:53.070" endtime="20240128 12:38:53.077"/>
</kw>
<kw name="Page Should Contain Reservation title" library="ReservationFlightPage">
<arg>${language}</arg>
<if>
<branch type="IF" condition="&quot;${language}&quot; == &quot;${LANGUAGE_EN}&quot;">
<kw name="Page Should Contain" library="SeleniumLibrary">
<arg>${header_en_reservation_title}</arg>
<doc>Verifies that current page contains ``text``.</doc>
<msg timestamp="20240128 12:38:53.084" level="INFO">Current page contains text 'Book Your Assistant'.</msg>
<status status="PASS" starttime="20240128 12:38:53.078" endtime="20240128 12:38:53.084"/>
</kw>
<status status="PASS" starttime="20240128 12:38:53.078" endtime="20240128 12:38:53.084"/>
</branch>
<branch type="ELSE">
<kw name="Page Should Contain" library="SeleniumLibrary">
<arg>${header_id_reservation_title}</arg>
<doc>Verifies that current page contains ``text``.</doc>
<status status="NOT RUN" starttime="20240128 12:38:53.084" endtime="20240128 12:38:53.084"/>
</kw>
<status status="NOT RUN" starttime="20240128 12:38:53.084" endtime="20240128 12:38:53.084"/>
</branch>
<status status="PASS" starttime="20240128 12:38:53.078" endtime="20240128 12:38:53.084"/>
</if>
<status status="PASS" starttime="20240128 12:38:53.077" endtime="20240128 12:38:53.084"/>
</kw>
<status status="PASS" starttime="20240128 12:38:53.069" endtime="20240128 12:38:53.084"/>
</kw>
<kw name="Page Should Contain Process Reservation" library="ReservationFlightPage">
<arg>${language}</arg>
<if>
<branch type="IF" condition="&quot;${language}&quot; == &quot;${LANGUAGE_EN}&quot;">
<kw name="Page Should Contain" library="SeleniumLibrary">
<arg>${reservation_flight_en_new_reservation_title}</arg>
<doc>Verifies that current page contains ``text``.</doc>
<msg timestamp="20240128 12:38:53.089" level="INFO">Current page contains text 'New Reservation'.</msg>
<status status="PASS" starttime="20240128 12:38:53.085" endtime="20240128 12:38:53.090"/>
</kw>
<kw name="Page Should Contain" library="SeleniumLibrary">
<arg>${reservation_flight_en_process_reservation_list}[0]</arg>
<doc>Verifies that current page contains ``text``.</doc>
<msg timestamp="20240128 12:38:53.096" level="INFO">Current page contains text 'Flight'.</msg>
<status status="PASS" starttime="20240128 12:38:53.090" endtime="20240128 12:38:53.096"/>
</kw>
<kw name="Page Should Contain" library="SeleniumLibrary">
<arg>${reservation_flight_en_process_reservation_list}[1]</arg>
<doc>Verifies that current page contains ``text``.</doc>
<msg timestamp="20240128 12:38:53.104" level="INFO">Current page contains text 'Passenger'.</msg>
<status status="PASS" starttime="20240128 12:38:53.097" endtime="20240128 12:38:53.105"/>
</kw>
<kw name="Page Should Contain" library="SeleniumLibrary">
<arg>${reservation_flight_en_process_reservation_list}[2]</arg>
<doc>Verifies that current page contains ``text``.</doc>
<msg timestamp="20240128 12:38:53.142" level="INFO">Current page contains text 'Order Extras'.</msg>
<status status="PASS" starttime="20240128 12:38:53.105" endtime="20240128 12:38:53.142"/>
</kw>
<kw name="Page Should Contain" library="SeleniumLibrary">
<arg>${reservation_flight_en_process_reservation_list}[3]</arg>
<doc>Verifies that current page contains ``text``.</doc>
<msg timestamp="20240128 12:38:53.150" level="INFO">Current page contains text 'Check Out'.</msg>
<status status="PASS" starttime="20240128 12:38:53.142" endtime="20240128 12:38:53.150"/>
</kw>
<status status="PASS" starttime="20240128 12:38:53.085" endtime="20240128 12:38:53.150"/>
</branch>
<branch type="ELSE">
<kw name="Page Should Contain" library="SeleniumLibrary">
<arg>${reservation_flight_id_new_reservation_title}</arg>
<doc>Verifies that current page contains ``text``.</doc>
<status status="NOT RUN" starttime="20240128 12:38:53.151" endtime="20240128 12:38:53.151"/>
</kw>
<kw name="Page Should Contain" library="SeleniumLibrary">
<arg>${reservation_flight_id_process_reservation_list}[0]</arg>
<doc>Verifies that current page contains ``text``.</doc>
<status status="NOT RUN" starttime="20240128 12:38:53.151" endtime="20240128 12:38:53.151"/>
</kw>
<kw name="Page Should Contain" library="SeleniumLibrary">
<arg>${reservation_flight_id_process_reservation_list}[1]</arg>
<doc>Verifies that current page contains ``text``.</doc>
<status status="NOT RUN" starttime="20240128 12:38:53.152" endtime="20240128 12:38:53.152"/>
</kw>
<kw name="Page Should Contain" library="SeleniumLibrary">
<arg>${reservation_flight_id_process_reservation_list}[2]</arg>
<doc>Verifies that current page contains ``text``.</doc>
<status status="NOT RUN" starttime="20240128 12:38:53.152" endtime="20240128 12:38:53.152"/>
</kw>
<kw name="Page Should Contain" library="SeleniumLibrary">
<arg>${reservation_flight_id_process_reservation_list}[3]</arg>
<doc>Verifies that current page contains ``text``.</doc>
<status status="NOT RUN" starttime="20240128 12:38:53.152" endtime="20240128 12:38:53.153"/>
</kw>
<status status="NOT RUN" starttime="20240128 12:38:53.150" endtime="20240128 12:38:53.153"/>
</branch>
<status status="PASS" starttime="20240128 12:38:53.085" endtime="20240128 12:38:53.153"/>
</if>
<status status="PASS" starttime="20240128 12:38:53.084" endtime="20240128 12:38:53.153"/>
</kw>
<kw name="Page Should Contain Passenger Information Field" library="ReservationPassengerPage">
<arg>${language}</arg>
<if>
<branch type="IF" condition="&quot;${language}&quot; == &quot;${LANGUAGE_EN}&quot;">
<kw name="Page Should Contain" library="SeleniumLibrary">
<arg>${reservation_passenger_en_information}</arg>
<doc>Verifies that current page contains ``text``.</doc>
<msg timestamp="20240128 12:38:53.160" level="INFO">Current page contains text 'Passenger Information'.</msg>
<status status="PASS" starttime="20240128 12:38:53.154" endtime="20240128 12:38:53.160"/>
</kw>
<kw name="Page Should Contain" library="SeleniumLibrary">
<arg>${reservation_passenger_en_add}</arg>
<doc>Verifies that current page contains ``text``.</doc>
<msg timestamp="20240128 12:38:53.166" level="INFO">Current page contains text 'Add Passenger'.</msg>
<status status="PASS" starttime="20240128 12:38:53.160" endtime="20240128 12:38:53.167"/>
</kw>
<status status="PASS" starttime="20240128 12:38:53.154" endtime="20240128 12:38:53.167"/>
</branch>
<status status="PASS" starttime="20240128 12:38:53.153" endtime="20240128 12:38:53.167"/>
</if>
<kw name="Page Should Contain Element" library="SeleniumLibrary">
<arg>${reservation_passenger_add_button}</arg>
<doc>Verifies that element ``locator`` is found on the current page.</doc>
<msg timestamp="20240128 12:38:53.172" level="INFO">Current page contains element '//div[@class="clickable normal-title text-extra-bold pt-3 pl-3"]'.</msg>
<status status="PASS" starttime="20240128 12:38:53.167" endtime="20240128 12:38:53.172"/>
</kw>
<status status="PASS" starttime="20240128 12:38:53.153" endtime="20240128 12:38:53.172"/>
</kw>
<kw name="Page Should Contain Passenger Notes Field" library="ReservationPassengerPage">
<arg>${language}</arg>
<if>
<branch type="IF" condition="&quot;${language}&quot; == &quot;${LANGUAGE_EN}&quot;">
<kw name="Page Should Contain" library="SeleniumLibrary">
<arg>${reservation_passenger_en_notes}</arg>
<doc>Verifies that current page contains ``text``.</doc>
<msg timestamp="20240128 12:38:53.178" level="INFO">Current page contains text 'Passenger Notes'.</msg>
<status status="PASS" starttime="20240128 12:38:53.172" endtime="20240128 12:38:53.178"/>
</kw>
<kw name="Page Should Contain" library="SeleniumLibrary">
<arg>${reservation_passenger_en_add}</arg>
<doc>Verifies that current page contains ``text``.</doc>
<msg timestamp="20240128 12:38:53.182" level="INFO">Current page contains text 'Add Passenger'.</msg>
<status status="PASS" starttime="20240128 12:38:53.179" endtime="20240128 12:38:53.182"/>
</kw>
<status status="PASS" starttime="20240128 12:38:53.172" endtime="20240128 12:38:53.182"/>
</branch>
<status status="PASS" starttime="20240128 12:38:53.172" endtime="20240128 12:38:53.182"/>
</if>
<kw name="Page Should Contain Element" library="SeleniumLibrary">
<arg>${reservation_passenger_notes_input}</arg>
<doc>Verifies that element ``locator`` is found on the current page.</doc>
<msg timestamp="20240128 12:38:53.187" level="INFO">Current page contains element '//input[@name='passenger_notes']'.</msg>
<status status="PASS" starttime="20240128 12:38:53.183" endtime="20240128 12:38:53.188"/>
</kw>
<status status="PASS" starttime="20240128 12:38:53.172" endtime="20240128 12:38:53.188"/>
</kw>
<kw name="Page Should Contain Booker Information" library="ReservationPassengerPage">
<arg>${language}</arg>
<if>
<branch type="IF" condition="&quot;${language}&quot; == &quot;${LANGUAGE_EN}&quot;">
<kw name="Page Should Contain" library="SeleniumLibrary">
<arg>${reservation_passenger_en_booker_information}</arg>
<doc>Verifies that current page contains ``text``.</doc>
<msg timestamp="20240128 12:38:53.197" level="INFO">Current page contains text 'Booker Information'.</msg>
<status status="PASS" starttime="20240128 12:38:53.188" endtime="20240128 12:38:53.197"/>
</kw>
<kw name="Page Should Contain" library="SeleniumLibrary">
<arg>${reservation_passenger_en_title}</arg>
<doc>Verifies that current page contains ``text``.</doc>
<msg timestamp="20240128 12:38:53.204" level="INFO">Current page contains text 'Title'.</msg>
<status status="PASS" starttime="20240128 12:38:53.197" endtime="20240128 12:38:53.204"/>
</kw>
<kw name="Page Should Contain" library="SeleniumLibrary">
<arg>${reservation_passenger_en_name}</arg>
<doc>Verifies that current page contains ``text``.</doc>
<msg timestamp="20240128 12:38:53.210" level="INFO">Current page contains text 'Name'.</msg>
<status status="PASS" starttime="20240128 12:38:53.204" endtime="20240128 12:38:53.211"/>
</kw>
<kw name="Page Should Contain" library="SeleniumLibrary">
<arg>${reservation_passenger_en_nationality}</arg>
<doc>Verifies that current page contains ``text``.</doc>
<msg timestamp="20240128 12:38:53.217" level="INFO">Current page contains text 'Nationality'.</msg>
<status status="PASS" starttime="20240128 12:38:53.211" endtime="20240128 12:38:53.217"/>
</kw>
<kw name="Page Should Contain" library="SeleniumLibrary">
<arg>${reservation_passenger_en_email}</arg>
<doc>Verifies that current page contains ``text``.</doc>
<msg timestamp="20240128 12:38:53.223" level="INFO">Current page contains text 'Email'.</msg>
<status status="PASS" starttime="20240128 12:38:53.217" endtime="20240128 12:38:53.223"/>
</kw>
<kw name="Page Should Contain" library="SeleniumLibrary">
<arg>${reservation_passenger_en_phone_number}</arg>
<doc>Verifies that current page contains ``text``.</doc>
<msg timestamp="20240128 12:38:53.230" level="INFO">Current page contains text 'Phone Number'.</msg>
<status status="PASS" starttime="20240128 12:38:53.224" endtime="20240128 12:38:53.230"/>
</kw>
<status status="PASS" starttime="20240128 12:38:53.188" endtime="20240128 12:38:53.230"/>
</branch>
<status status="PASS" starttime="20240128 12:38:53.188" endtime="20240128 12:38:53.230"/>
</if>
<kw name="Page Should Contain Element" library="SeleniumLibrary">
<arg>${reservation_passenger_booker_title_input}</arg>
<doc>Verifies that element ``locator`` is found on the current page.</doc>
<msg timestamp="20240128 12:38:53.235" level="INFO">Current page contains element '//input[@name="bookers_title"]//preceding-sibling::div//input'.</msg>
<status status="PASS" starttime="20240128 12:38:53.230" endtime="20240128 12:38:53.235"/>
</kw>
<kw name="Page Should Contain Element" library="SeleniumLibrary">
<arg>${reservation_passenger_booker_name_input}</arg>
<doc>Verifies that element ``locator`` is found on the current page.</doc>
<msg timestamp="20240128 12:38:53.240" level="INFO">Current page contains element '//input[@name='bookers_name']'.</msg>
<status status="PASS" starttime="20240128 12:38:53.235" endtime="20240128 12:38:53.240"/>
</kw>
<kw name="Page Should Contain Element" library="SeleniumLibrary">
<arg>${reservation_passenger_booker_nationality_input}</arg>
<doc>Verifies that element ``locator`` is found on the current page.</doc>
<msg timestamp="20240128 12:38:53.246" level="INFO">Current page contains element '//input[@name="bookers_nationality"]//preceding-sibling::div//input'.</msg>
<status status="PASS" starttime="20240128 12:38:53.240" endtime="20240128 12:38:53.246"/>
</kw>
<kw name="Page Should Contain Element" library="SeleniumLibrary">
<arg>${reservation_passenger_booker_email_input}</arg>
<doc>Verifies that element ``locator`` is found on the current page.</doc>
<msg timestamp="20240128 12:38:53.251" level="INFO">Current page contains element '//input[@name='bookers_email']'.</msg>
<status status="PASS" starttime="20240128 12:38:53.246" endtime="20240128 12:38:53.251"/>
</kw>
<kw name="Page Should Contain Element" library="SeleniumLibrary">
<arg>${reservation_passenger_booker_phone_number_input}</arg>
<doc>Verifies that element ``locator`` is found on the current page.</doc>
<msg timestamp="20240128 12:38:53.256" level="INFO">Current page contains element '//*[@id="root"]//input[@type="tel"]'.</msg>
<status status="PASS" starttime="20240128 12:38:53.251" endtime="20240128 12:38:53.257"/>
</kw>
<status status="PASS" starttime="20240128 12:38:53.188" endtime="20240128 12:38:53.257"/>
</kw>
<kw name="Page Should Contain Button" library="SeleniumLibrary">
<arg>${reservation_passenger_back_button}</arg>
<doc>Verifies button ``locator`` is found from current page.</doc>
<msg timestamp="20240128 12:38:53.270" level="INFO">Current page contains button '//div[@style="float: right;"]//button[1]'.</msg>
<status status="PASS" starttime="20240128 12:38:53.257" endtime="20240128 12:38:53.270"/>
</kw>
<kw name="Page Should Contain Button" library="SeleniumLibrary">
<arg>${reservation_passenger_next_button}</arg>
<doc>Verifies button ``locator`` is found from current page.</doc>
<msg timestamp="20240128 12:38:53.282" level="INFO">Current page contains button '//div[@style="float: right;"]//button[2]'.</msg>
<status status="PASS" starttime="20240128 12:38:53.271" endtime="20240128 12:38:53.282"/>
</kw>
<kw name="Page Should Contain Support Footer" library="Footer">
<arg>${language}</arg>
<if>
<branch type="IF" condition="&quot;${LANGUAGE}&quot; == &quot;${HEADER_EN_LANGUAGE_LABEL}&quot;">
<kw name="Page Should Contain" library="SeleniumLibrary">
<arg>${FOOTER_EN_SUPPORT_MAIN_HEADER}</arg>
<doc>Verifies that current page contains ``text``.</doc>
<msg timestamp="20240128 12:38:53.288" level="INFO">Current page contains text 'Need Help?'.</msg>
<status status="PASS" starttime="20240128 12:38:53.283" endtime="20240128 12:38:53.289"/>
</kw>
<kw name="Page Should Contain" library="SeleniumLibrary">
<arg>${FOOTER_EN_SUPPORT_MAIN_HEADER_2}</arg>
<doc>Verifies that current page contains ``text``.</doc>
<msg timestamp="20240128 12:38:53.294" level="INFO">Current page contains text 'Don’t worry. We’re here for you to help'.</msg>
<status status="PASS" starttime="20240128 12:38:53.289" endtime="20240128 12:38:53.295"/>
</kw>
<kw name="Page Should Contain" library="SeleniumLibrary">
<arg>${FOOTER_EN_SUPPORT_BUTTON_LABEL}</arg>
<doc>Verifies that current page contains ``text``.</doc>
<msg timestamp="20240128 12:38:53.300" level="INFO">Current page contains text 'Go To Support'.</msg>
<status status="PASS" starttime="20240128 12:38:53.295" endtime="20240128 12:38:53.300"/>
</kw>
<status status="PASS" starttime="20240128 12:38:53.282" endtime="20240128 12:38:53.300"/>
</branch>
<branch type="ELSE">
<kw name="Page Should Contain" library="SeleniumLibrary">
<arg>${FOOTER_ID_SUPPORT_MAIN_HEADER}</arg>
<doc>Verifies that current page contains ``text``.</doc>
<status status="NOT RUN" starttime="20240128 12:38:53.301" endtime="20240128 12:38:53.301"/>
</kw>
<kw name="Page Should Contain" library="SeleniumLibrary">
<arg>${FOOTER_ID_SUPPORT_MAIN_HEADER_2}</arg>
<doc>Verifies that current page contains ``text``.</doc>
<status status="NOT RUN" starttime="20240128 12:38:53.301" endtime="20240128 12:38:53.301"/>
</kw>
<kw name="Page Should Contain" library="SeleniumLibrary">
<arg>${FOOTER_ID_SUPPORT_BUTTON_LABEL}</arg>
<doc>Verifies that current page contains ``text``.</doc>
<status status="NOT RUN" starttime="20240128 12:38:53.301" endtime="20240128 12:38:53.301"/>
</kw>
<status status="NOT RUN" starttime="20240128 12:38:53.300" endtime="20240128 12:38:53.301"/>
</branch>
<status status="PASS" starttime="20240128 12:38:53.282" endtime="20240128 12:38:53.301"/>
</if>
<kw name="Page Should Contain Element" library="SeleniumLibrary">
<arg>${FOOTER_SUPPORT_BUTTON}</arg>
<doc>Verifies that element ``locator`` is found on the current page.</doc>
<msg timestamp="20240128 12:38:53.306" level="INFO">Current page contains element '//*[@id="root"]/div[4]/div[1]/div/button'.</msg>
<status status="PASS" starttime="20240128 12:38:53.301" endtime="20240128 12:38:53.306"/>
</kw>
<status status="PASS" starttime="20240128 12:38:53.282" endtime="20240128 12:38:53.306"/>
</kw>
<kw name="Page Should Contain Main Footer" library="Footer">
<arg>${language}</arg>
<kw name="Page Should Contain Image" library="SeleniumLibrary">
<arg>${FOOTER_JOUMPA_LOGO}</arg>
<doc>Verifies image identified by ``locator`` is found from current page.</doc>
<msg timestamp="20240128 12:38:53.313" level="INFO">Current page contains image '//*[@id="root"]/div[4]/div[2]/div/div[1]/img'.</msg>
<status status="PASS" starttime="20240128 12:38:53.307" endtime="20240128 12:38:53.313"/>
</kw>
<kw name="Page Should Contain Image" library="SeleniumLibrary">
<arg>${FOOTER_GAPURA_LOGO}</arg>
<doc>Verifies image identified by ``locator`` is found from current page.</doc>
<msg timestamp="20240128 12:38:53.320" level="INFO">Current page contains image '//*[@id="root"]/div[4]/div[2]/div/div[1]/div/img'.</msg>
<status status="PASS" starttime="20240128 12:38:53.314" endtime="20240128 12:38:53.320"/>
</kw>
<kw name="Page Should Contain Element" library="SeleniumLibrary">
<arg>${FOOTER_TERMS_AND_CONDITION}</arg>
<doc>Verifies that element ``locator`` is found on the current page.</doc>
<msg timestamp="20240128 12:38:53.326" level="INFO">Current page contains element '//*[@id="root"]/div[4]/div[2]/div/div[2]/div/div[1]/div[2]'.</msg>
<status status="PASS" starttime="20240128 12:38:53.321" endtime="20240128 12:38:53.326"/>
</kw>
<kw name="Page Should Contain Element" library="SeleniumLibrary">
<arg>${FOOTER_PRIVACY_POLICY}</arg>
<doc>Verifies that element ``locator`` is found on the current page.</doc>
<msg timestamp="20240128 12:38:53.331" level="INFO">Current page contains element '//*[@id="root"]/div[4]/div[2]/div/div[2]/div/div[1]/div[3]'.</msg>
<status status="PASS" starttime="20240128 12:38:53.326" endtime="20240128 12:38:53.331"/>
</kw>
<kw name="Page Should Contain Element" library="SeleniumLibrary">
<arg>${FOOTER_CONTACT_US}</arg>
<doc>Verifies that element ``locator`` is found on the current page.</doc>
<msg timestamp="20240128 12:38:53.336" level="INFO">Current page contains element '//*[@id="root"]/div[4]/div[2]/div/div[2]/div/div[1]/div[4]'.</msg>
<status status="PASS" starttime="20240128 12:38:53.331" endtime="20240128 12:38:53.336"/>
</kw>
<kw name="Page Should Contain Element" library="SeleniumLibrary">
<arg>${FOOTER_OUR_LOCATION}</arg>
<doc>Verifies that element ``locator`` is found on the current page.</doc>
<msg timestamp="20240128 12:38:53.341" level="INFO">Current page contains element '//*[@id="root"]/div[4]/div[2]/div/div[2]/div/div[2]/div[2]'.</msg>
<status status="PASS" starttime="20240128 12:38:53.336" endtime="20240128 12:38:53.341"/>
</kw>
<kw name="Page Should Contain Element" library="SeleniumLibrary">
<arg>${FOOTER_ABOUT_JOUMPA}</arg>
<doc>Verifies that element ``locator`` is found on the current page.</doc>
<msg timestamp="20240128 12:38:53.346" level="INFO">Current page contains element '//*[@id="root"]/div[4]/div[2]/div/div[2]/div/div[2]/div[3]'.</msg>
<status status="PASS" starttime="20240128 12:38:53.342" endtime="20240128 12:38:53.347"/>
</kw>
<kw name="Page Should Contain Element" library="SeleniumLibrary">
<arg>${FOOTER_ABOUT_GAPURA}</arg>
<doc>Verifies that element ``locator`` is found on the current page.</doc>
<msg timestamp="20240128 12:38:53.351" level="INFO">Current page contains element '//*[@id="root"]/div[4]/div[2]/div/div[2]/div/div[2]/a'.</msg>
<status status="PASS" starttime="20240128 12:38:53.347" endtime="20240128 12:38:53.352"/>
</kw>
<kw name="Page Should Contain Image" library="SeleniumLibrary">
<arg>${FOOTER_DOWNLOAD_GOOGLE_PLAY_LOGO}</arg>
<doc>Verifies image identified by ``locator`` is found from current page.</doc>
<msg timestamp="20240128 12:38:53.359" level="INFO">Current page contains image '//*[@id="root"]/div[4]/div[2]/div/div[4]/div[2]/div[1]/a/img'.</msg>
<status status="PASS" starttime="20240128 12:38:53.352" endtime="20240128 12:38:53.359"/>
</kw>
<kw name="Page Should Contain Image" library="SeleniumLibrary">
<arg>${FOOTER_DOWNLOAD_GOOGLE_PLAY_QR}</arg>
<doc>Verifies image identified by ``locator`` is found from current page.</doc>
<msg timestamp="20240128 12:38:53.366" level="INFO">Current page contains image '//*[@id="root"]/div[4]/div[2]/div/div[4]/div[2]/div[1]/img'.</msg>
<status status="PASS" starttime="20240128 12:38:53.359" endtime="20240128 12:38:53.366"/>
</kw>
<kw name="Page Should Contain Image" library="SeleniumLibrary">
<arg>${FOOTER_DOWNLOAD_APP_STORE_LOGO}</arg>
<doc>Verifies image identified by ``locator`` is found from current page.</doc>
<msg timestamp="20240128 12:38:53.375" level="INFO">Current page contains image '//*[@id="root"]/div[4]/div[2]/div/div[4]/div[2]/div[2]/a/img'.</msg>
<status status="PASS" starttime="20240128 12:38:53.366" endtime="20240128 12:38:53.375"/>
</kw>
<kw name="Page Should Contain Image" library="SeleniumLibrary">
<arg>${FOOTER_DOWNLOAD_APP_STORE_QR}</arg>
<doc>Verifies image identified by ``locator`` is found from current page.</doc>
<msg timestamp="20240128 12:38:53.382" level="INFO">Current page contains image '//*[@id="root"]/div[4]/div[2]/div/div[4]/div[2]/div[2]/img'.</msg>
<status status="PASS" starttime="20240128 12:38:53.375" endtime="20240128 12:38:53.382"/>
</kw>
<if>
<branch type="IF" condition="&quot;${LANGUAGE}&quot; == &quot;${HEADER_EN_LANGUAGE_LABEL}&quot;">
<kw name="Page Should Contain Main Footer In English" library="Footer">
<kw name="Page Should Contain" library="SeleniumLibrary">
<arg>${FOOTER_EN_PRODUCT_FROM}</arg>
<doc>Verifies that current page contains ``text``.</doc>
<msg timestamp="20240128 12:38:53.388" level="INFO">Current page contains text 'Product of :'.</msg>
<status status="PASS" starttime="20240128 12:38:53.383" endtime="20240128 12:38:53.389"/>
</kw>
<kw name="Page Should Contain" library="SeleniumLibrary">
<arg>${FOOTER_EN_INFORMATION}</arg>
<doc>Verifies that current page contains ``text``.</doc>
<msg timestamp="20240128 12:38:53.395" level="INFO">Current page contains text 'Information'.</msg>
<status status="PASS" starttime="20240128 12:38:53.389" endtime="20240128 12:38:53.395"/>
</kw>
<kw name="Page Should Contain" library="SeleniumLibrary">
<arg>${FOOTER_EN_ABOUT_US}</arg>
<doc>Verifies that current page contains ``text``.</doc>
<msg timestamp="20240128 12:38:53.400" level="INFO">Current page contains text 'About Us'.</msg>
<status status="PASS" starttime="20240128 12:38:53.395" endtime="20240128 12:38:53.400"/>
</kw>
<kw name="Page Should Contain" library="SeleniumLibrary">
<arg>${FOOTER_EN_CONTACT_CENTER}</arg>
<doc>Verifies that current page contains ``text``.</doc>
<msg timestamp="20240128 12:38:53.406" level="INFO">Current page contains text 'Contact Center'.</msg>
<status status="PASS" starttime="20240128 12:38:53.401" endtime="20240128 12:38:53.406"/>
</kw>
<kw name="Page Should Contain" library="SeleniumLibrary">
<arg>${FOOTER_EN_WHATSAPP_LABEL}</arg>
<doc>Verifies that current page contains ``text``.</doc>
<msg timestamp="20240128 12:38:53.415" level="INFO">Current page contains text 'Whatsapp'.</msg>
<status status="PASS" starttime="20240128 12:38:53.406" endtime="20240128 12:38:53.415"/>
</kw>
<kw name="Page Should Contain" library="SeleniumLibrary">
<arg>${FOOTER_EN_EMAIL_LABEL}</arg>
<doc>Verifies that current page contains ``text``.</doc>
<msg timestamp="20240128 12:38:53.429" level="INFO">Current page contains text 'Email'.</msg>
<status status="PASS" starttime="20240128 12:38:53.415" endtime="20240128 12:38:53.429"/>
</kw>
<kw name="Page Should Contain" library="SeleniumLibrary">
<arg>${FOOTER_EN_CALL_CENTER_LABEL}</arg>
<doc>Verifies that current page contains ``text``.</doc>
<msg timestamp="20240128 12:38:53.439" level="INFO">Current page contains text 'Call Center'.</msg>
<status status="PASS" starttime="20240128 12:38:53.429" endtime="20240128 12:38:53.439"/>
</kw>
<kw name="Page Should Contain" library="SeleniumLibrary">
<arg>${FOOTER_EN_DOWNLOAD_APPS}</arg>
<doc>Verifies that current page contains ``text``.</doc>
<msg timestamp="20240128 12:38:53.447" level="INFO">Current page contains text 'Download Apps Joumpa for Customer'.</msg>
<status status="PASS" starttime="20240128 12:38:53.439" endtime="20240128 12:38:53.447"/>
</kw>
<kw name="Page Should Contain" library="SeleniumLibrary">
<arg>${FOOTER_EN_TERMS_AND_CONDITION_LABEL}</arg>
<doc>Verifies that current page contains ``text``.</doc>
<msg timestamp="20240128 12:38:53.463" level="INFO">Current page contains text 'Terms and Condition'.</msg>
<status status="PASS" starttime="20240128 12:38:53.447" endtime="20240128 12:38:53.463"/>
</kw>
<kw name="Page Should Contain" library="SeleniumLibrary">
<arg>${FOOTER_EN_PRIVACY_POLICY_LABEL}</arg>
<doc>Verifies that current page contains ``text``.</doc>
<msg timestamp="20240128 12:38:53.475" level="INFO">Current page contains text 'Privacy Policy'.</msg>
<status status="PASS" starttime="20240128 12:38:53.463" endtime="20240128 12:38:53.475"/>
</kw>
<kw name="Page Should Contain" library="SeleniumLibrary">
<arg>${FOOTER_EN_CONTACT_US_LABEL}</arg>
<doc>Verifies that current page contains ``text``.</doc>
<msg timestamp="20240128 12:38:53.488" level="INFO">Current page contains text 'Contact Us'.</msg>
<status status="PASS" starttime="20240128 12:38:53.475" endtime="20240128 12:38:53.488"/>
</kw>
<kw name="Page Should Contain" library="SeleniumLibrary">
<arg>${FOOTER_EN_OUR_LOCATION_LABEL}</arg>
<doc>Verifies that current page contains ``text``.</doc>
<msg timestamp="20240128 12:38:53.498" level="INFO">Current page contains text 'Our Location'.</msg>
<status status="PASS" starttime="20240128 12:38:53.489" endtime="20240128 12:38:53.498"/>
</kw>
<kw name="Page Should Contain" library="SeleniumLibrary">
<arg>${FOOTER_EN_ABOUT_JOUMPA_LABEL}</arg>
<doc>Verifies that current page contains ``text``.</doc>
<msg timestamp="20240128 12:38:53.508" level="INFO">Current page contains text 'About Joumpa'.</msg>
<status status="PASS" starttime="20240128 12:38:53.499" endtime="20240128 12:38:53.508"/>
</kw>
<kw name="Page Should Contain" library="SeleniumLibrary">
<arg>${FOOTER_EN_ABOUT_GAPURA_LABEL}</arg>
<doc>Verifies that current page contains ``text``.</doc>
<msg timestamp="20240128 12:38:53.521" level="INFO">Current page contains text 'About Gapura'.</msg>
<status status="PASS" starttime="20240128 12:38:53.508" endtime="20240128 12:38:53.522"/>
</kw>
<kw name="Page Should Contain" library="SeleniumLibrary">
<arg>${FOOTER_EN_WHATSAPP_VALUE}</arg>
<doc>Verifies that current page contains ``text``.</doc>
<msg timestamp="20240128 12:38:53.531" level="INFO">Current page contains text '+62-811-8566-009'.</msg>
<status status="PASS" starttime="20240128 12:38:53.522" endtime="20240128 12:38:53.531"/>
</kw>
<kw name="Page Should Contain" library="SeleniumLibrary">
<arg>${FOOTER_EN_EMAIL_VALUE}</arg>
<doc>Verifies that current page contains ``text``.</doc>
<msg timestamp="20240128 12:38:53.537" level="INFO">Current page contains text 'joumpa@gapura.id'.</msg>
<status status="PASS" starttime="20240128 12:38:53.531" endtime="20240128 12:38:53.537"/>
</kw>
<kw name="Page Should Contain" library="SeleniumLibrary">
<arg>${FOOTER_EN_CALL_CENTER_VALUE}</arg>
<doc>Verifies that current page contains ``text``.</doc>
<msg timestamp="20240128 12:38:53.541" level="INFO">Current page contains text '+62-811-8566-009'.</msg>
<status status="PASS" starttime="20240128 12:38:53.537" endtime="20240128 12:38:53.541"/>
</kw>
<status status="PASS" starttime="20240128 12:38:53.383" endtime="20240128 12:38:53.541"/>
</kw>
<status status="PASS" starttime="20240128 12:38:53.382" endtime="20240128 12:38:53.541"/>
</branch>
<branch type="ELSE">
<kw name="Page Should Contain Main Footer In Indonesian" library="Footer">
<status status="NOT RUN" starttime="20240128 12:38:53.542" endtime="20240128 12:38:53.542"/>
</kw>
<status status="NOT RUN" starttime="20240128 12:38:53.541" endtime="20240128 12:38:53.542"/>
</branch>
<status status="PASS" starttime="20240128 12:38:53.382" endtime="20240128 12:38:53.542"/>
</if>
<status status="PASS" starttime="20240128 12:38:53.306" endtime="20240128 12:38:53.542"/>
</kw>
<kw name="Checkmark in Flight Section is Green" library="ReservationFlightPage">
<kw name="Get Element Attribute" library="SeleniumLibrary">
<var>${style}</var>
<arg>${reservation_flight_checkmark_flight}</arg>
<arg>style</arg>
<doc>Returns the value of ``attribute`` from the element ``locator``.</doc>
<msg timestamp="20240128 12:38:53.554" level="INFO">${style} = border-radius: 50%; background-color: rgb(99, 174, 92); border-color: rgb(99, 174, 92); color: rgb(255, 255, 255);</msg>
<status status="PASS" starttime="20240128 12:38:53.542" endtime="20240128 12:38:53.554"/>
</kw>
<kw name="Evaluate" library="BuiltIn">
<var>${color}</var>
<arg>re.search("background-color: *(.*?);", '''${style}''').group(1)</arg>
<doc>Evaluates the given expression in Python and returns the result.</doc>
<msg timestamp="20240128 12:38:53.555" level="INFO">${color} = rgb(99, 174, 92)</msg>
<status status="PASS" starttime="20240128 12:38:53.554" endtime="20240128 12:38:53.555"/>
</kw>
<kw name="Should Be Equal" library="BuiltIn">
<arg>${color}</arg>
<arg>${checkmark_green}</arg>
<doc>Fails if the given objects are unequal.</doc>
<status status="PASS" starttime="20240128 12:38:53.555" endtime="20240128 12:38:53.555"/>
</kw>
<status status="PASS" starttime="20240128 12:38:53.542" endtime="20240128 12:38:53.555"/>
</kw>
<status status="PASS" starttime="20240128 12:38:53.069" endtime="20240128 12:38:53.555"/>
</kw>
<status status="PASS" starttime="20240128 12:38:49.546" endtime="20240128 12:38:53.555"/>
</kw>
<kw name="User has filled in the Passenger form correctly" library="ReservationPassengerPage">
<arg>${passenger_title}</arg>
<arg>${passenger_name}</arg>
<arg>${passenger_nationality}</arg>
<arg>${passenger_email_valid}</arg>
<arg>${passenger_phone_number}</arg>
<arg>${True}</arg>
<arg>${True}</arg>
<arg>${True}</arg>
<kw name="Click Element" library="SeleniumLibrary">
<arg>${reservation_passenger_add_button}</arg>
<doc>Click the element identified by ``locator``.</doc>
<msg timestamp="20240128 12:38:53.556" level="INFO">Clicking element '//div[@class="clickable normal-title text-extra-bold pt-3 pl-3"]'.</msg>
<status status="PASS" starttime="20240128 12:38:53.555" endtime="20240128 12:38:53.585"/>
</kw>
<kw name="Wait Until Page Contains Element" library="SeleniumLibrary">
<arg>${reservation_passenger_passenger_name_input}[0]</arg>
<arg>20s</arg>
<doc>Waits until the element ``locator`` appears on the current page.</doc>
<status status="PASS" starttime="20240128 12:38:53.585" endtime="20240128 12:38:53.592"/>
</kw>
<kw name="Select &quot;Title&quot; in Passenger Information" library="ReservationPassengerPage">
<arg>${passenger_title}</arg>
<kw name="Click Element" library="SeleniumLibrary">
<arg>${reservation_passenger_passenger_title_expand}[${sequence_passenger}]</arg>
<doc>Click the element identified by ``locator``.</doc>
<msg timestamp="20240128 12:38:53.592" level="INFO">Clicking element '//input[@name="passenger_list[0].title"]//preceding-sibling::div//*[name()='svg']'.</msg>
<status status="PASS" starttime="20240128 12:38:53.592" endtime="20240128 12:38:53.612"/>
</kw>
<if>
<branch type="IF" condition="&quot;${passenger_title}&quot; == &quot;${TITLE_MR}&quot;">
<kw name="Click Element" library="SeleniumLibrary">
<arg>${reservation_passenger_passenger_title_option_mr}[${sequence_passenger}]</arg>
<doc>Click the element identified by ``locator``.</doc>
<msg timestamp="20240128 12:38:53.613" level="INFO">Clicking element '//input[@name="passenger_list[0].title"]//preceding-sibling::div//div[contains(@id, '-option-0')]'.</msg>
<status status="PASS" starttime="20240128 12:38:53.613" endtime="20240128 12:38:53.637"/>
</kw>
<status status="PASS" starttime="20240128 12:38:53.612" endtime="20240128 12:38:53.637"/>
</branch>
<branch type="ELSE IF" condition="&quot;${passenger_title}&quot; == &quot;${TITLE_MRS}&quot;">
<kw name="Click Element" library="SeleniumLibrary">
<arg>${reservation_passenger_passenger_title_option_mrs}[${sequence_passenger}]</arg>
<doc>Click the element identified by ``locator``.</doc>
<status status="NOT RUN" starttime="20240128 12:38:53.637" endtime="20240128 12:38:53.637"/>
</kw>
<status status="NOT RUN" starttime="20240128 12:38:53.637" endtime="20240128 12:38:53.637"/>
</branch>
<branch type="ELSE IF" condition="&quot;${passenger_title}&quot; == &quot;${TITLE_MS}&quot;">
<kw name="Click Element" library="SeleniumLibrary">
<arg>${reservation_passenger_passenger_title_option_ms}[${sequence_passenger}]</arg>
<doc>Click the element identified by ``locator``.</doc>
<status status="NOT RUN" starttime="20240128 12:38:53.637" endtime="20240128 12:38:53.637"/>
</kw>
<status status="NOT RUN" starttime="20240128 12:38:53.637" endtime="20240128 12:38:53.637"/>
</branch>
<branch type="ELSE IF" condition="&quot;${passenger_title}&quot; == &quot;${TITLE_CHILD}&quot;">
<kw name="Click Element" library="SeleniumLibrary">
<arg>${reservation_passenger_passenger_title_option_child}[${sequence_passenger}]</arg>
<doc>Click the element identified by ``locator``.</doc>
<status status="NOT RUN" starttime="20240128 12:38:53.638" endtime="20240128 12:38:53.638"/>
</kw>
<status status="NOT RUN" starttime="20240128 12:38:53.638" endtime="20240128 12:38:53.638"/>
</branch>
<branch type="ELSE">
<kw name="Click Element" library="SeleniumLibrary">
<arg>${reservation_passenger_passenger_title_option_infant}[${sequence_passenger}]</arg>
<doc>Click the element identified by ``locator``.</doc>
<status status="NOT RUN" starttime="20240128 12:38:53.638" endtime="20240128 12:38:53.638"/>
</kw>
<status status="NOT RUN" starttime="20240128 12:38:53.638" endtime="20240128 12:38:53.638"/>
</branch>
<status status="PASS" starttime="20240128 12:38:53.612" endtime="20240128 12:38:53.638"/>
</if>
<status status="PASS" starttime="20240128 12:38:53.592" endtime="20240128 12:38:53.638"/>
</kw>
<kw name="Input Text" library="SeleniumLibrary">
<arg>${reservation_passenger_passenger_name_input}[0]</arg>
<arg>${passenger_name}</arg>
<doc>Types the given ``text`` into the text field identified by ``locator``.</doc>
<msg timestamp="20240128 12:38:53.639" level="INFO">Typing text 'Donny Setiawan' into text field '//input[@name='passenger_list[0].name']'.</msg>
<status status="PASS" starttime="20240128 12:38:53.638" endtime="20240128 12:38:53.735"/>
</kw>
<kw name="Search and Select &quot;Nationality&quot; in Passenger Information" library="ReservationPassengerPage">
<arg>${passenger_nationality}</arg>
<kw name="Input Text" library="SeleniumLibrary">
<arg>${reservation_passenger_passenger_nationality_input}[${sequence_passenger}]</arg>
<arg>${passenger_nationality}</arg>
<doc>Types the given ``text`` into the text field identified by ``locator``.</doc>
<msg timestamp="20240128 12:38:53.736" level="INFO">Typing text 'Indonesia' into text field '//input[@name="passenger_list[0].passenger_nationality"]//preceding-sibling::div//input'.</msg>
<status status="PASS" starttime="20240128 12:38:53.735" endtime="20240128 12:38:53.802"/>
</kw>
<kw name="Click Element" library="SeleniumLibrary">
<arg>${reservation_passenger_passenger_nationality_option_1}[${sequence_passenger}]</arg>
<doc>Click the element identified by ``locator``.</doc>
<msg timestamp="20240128 12:38:53.803" level="INFO">Clicking element '//input[@name="passenger_list[0].passenger_nationality"]//preceding-sibling::div[1]/div/div'.</msg>
<status status="PASS" starttime="20240128 12:38:53.802" endtime="20240128 12:38:53.825"/>
</kw>
<status status="PASS" starttime="20240128 12:38:53.735" endtime="20240128 12:38:53.825"/>
</kw>
<kw name="Input Text" library="SeleniumLibrary">
<arg>${reservation_passenger_passenger_email_input}[0]</arg>
<arg>${passenger_email}</arg>
<doc>Types the given ``text`` into the text field identified by ``locator``.</doc>
<msg timestamp="20240128 12:38:53.826" level="INFO">Typing text 'donnyst@gmail.com' into text field '//input[@name='passenger_list[0].email']'.</msg>
<status status="PASS" starttime="20240128 12:38:53.825" endtime="20240128 12:38:53.918"/>
</kw>
<kw name="Input Text" library="SeleniumLibrary">
<arg>${reservation_passenger_passenger_phone_number_input}</arg>
<arg>${passenger_phone_number}</arg>
<doc>Types the given ``text`` into the text field identified by ``locator``.</doc>
<msg timestamp="20240128 12:38:53.918" level="INFO">Typing text '81443322111' into text field '//div[@tabindex=-1]//input[@type="tel"]'.</msg>
<status status="PASS" starttime="20240128 12:38:53.918" endtime="20240128 12:38:54.028"/>
</kw>
<kw name="Click Button" library="SeleniumLibrary">
<arg>${reservation_passenger_passenger_save_button}</arg>
<doc>Clicks the button identified by ``locator``.</doc>
<msg timestamp="20240128 12:38:54.028" level="INFO">Clicking button '//div[@tabindex=-1]//button[@type="Submit"]'.</msg>
<status status="PASS" starttime="20240128 12:38:54.028" endtime="20240128 12:38:54.061"/>
</kw>
<kw name="Sleep" library="BuiltIn">
<arg>3s</arg>
<doc>Pauses the test executed for the given time.</doc>
<msg timestamp="20240128 12:38:57.062" level="INFO">Slept 3 seconds</msg>
<status status="PASS" starttime="20240128 12:38:54.061" endtime="20240128 12:38:57.062"/>
</kw>
<if>
<branch type="IF" condition="${has_second_adult}">
<kw name="Click Element" library="SeleniumLibrary">
<arg>${reservation_passenger_add_button}</arg>
<doc>Click the element identified by ``locator``.</doc>
<msg timestamp="20240128 12:38:57.063" level="INFO">Clicking element '//div[@class="clickable normal-title text-extra-bold pt-3 pl-3"]'.</msg>
<status status="PASS" starttime="20240128 12:38:57.062" endtime="20240128 12:38:57.094"/>
</kw>
<kw name="Set Variable" library="BuiltIn">
<var>${sequence_passenger}</var>
<arg>1</arg>
<doc>Returns the given values which can then be assigned to a variables.</doc>
<msg timestamp="20240128 12:38:57.095" level="INFO">${sequence_passenger} = 1</msg>
<status status="PASS" starttime="20240128 12:38:57.095" endtime="20240128 12:38:57.095"/>
</kw>
<kw name="Wait Until Page Contains Element" library="SeleniumLibrary">
<arg>${reservation_passenger_passenger_name_input}[1]</arg>
<arg>20s</arg>
<doc>Waits until the element ``locator`` appears on the current page.</doc>
<status status="PASS" starttime="20240128 12:38:57.095" endtime="20240128 12:38:57.101"/>
</kw>
<kw name="Select &quot;Title&quot; in Passenger Information" library="ReservationPassengerPage">
<arg>${second_passenger_title}</arg>
<arg>${sequence_passenger}</arg>
<kw name="Click Element" library="SeleniumLibrary">
<arg>${reservation_passenger_passenger_title_expand}[${sequence_passenger}]</arg>
<doc>Click the element identified by ``locator``.</doc>
<msg timestamp="20240128 12:38:57.102" level="INFO">Clicking element '//input[@name="passenger_list[1].title"]//preceding-sibling::div//*[name()='svg']'.</msg>
<status status="PASS" starttime="20240128 12:38:57.101" endtime="20240128 12:38:57.120"/>
</kw>
<if>
<branch type="IF" condition="&quot;${passenger_title}&quot; == &quot;${TITLE_MR}&quot;">
<kw name="Click Element" library="SeleniumLibrary">
<arg>${reservation_passenger_passenger_title_option_mr}[${sequence_passenger}]</arg>
<doc>Click the element identified by ``locator``.</doc>
<status status="NOT RUN" starttime="20240128 12:38:57.121" endtime="20240128 12:38:57.121"/>
</kw>
<status status="NOT RUN" starttime="20240128 12:38:57.121" endtime="20240128 12:38:57.121"/>
</branch>
<branch type="ELSE IF" condition="&quot;${passenger_title}&quot; == &quot;${TITLE_MRS}&quot;">
<kw name="Click Element" library="SeleniumLibrary">
<arg>${reservation_passenger_passenger_title_option_mrs}[${sequence_passenger}]</arg>
<doc>Click the element identified by ``locator``.</doc>
<msg timestamp="20240128 12:38:57.121" level="INFO">Clicking element '//input[@name="passenger_list[1].title"]//preceding-sibling::div//div[contains(@id, '-option-1')]'.</msg>
<status status="PASS" starttime="20240128 12:38:57.121" endtime="20240128 12:38:57.143"/>
</kw>
<status status="PASS" starttime="20240128 12:38:57.121" endtime="20240128 12:38:57.143"/>
</branch>
<branch type="ELSE IF" condition="&quot;${passenger_title}&quot; == &quot;${TITLE_MS}&quot;">
<kw name="Click Element" library="SeleniumLibrary">
<arg>${reservation_passenger_passenger_title_option_ms}[${sequence_passenger}]</arg>
<doc>Click the element identified by ``locator``.</doc>
<status status="NOT RUN" starttime="20240128 12:38:57.143" endtime="20240128 12:38:57.144"/>
</kw>
<status status="NOT RUN" starttime="20240128 12:38:57.143" endtime="20240128 12:38:57.144"/>
</branch>
<branch type="ELSE IF" condition="&quot;${passenger_title}&quot; == &quot;${TITLE_CHILD}&quot;">
<kw name="Click Element" library="SeleniumLibrary">
<arg>${reservation_passenger_passenger_title_option_child}[${sequence_passenger}]</arg>
<doc>Click the element identified by ``locator``.</doc>
<status status="NOT RUN" starttime="20240128 12:38:57.144" endtime="20240128 12:38:57.144"/>
</kw>
<status status="NOT RUN" starttime="20240128 12:38:57.144" endtime="20240128 12:38:57.144"/>
</branch>
<branch type="ELSE">
<kw name="Click Element" library="SeleniumLibrary">
<arg>${reservation_passenger_passenger_title_option_infant}[${sequence_passenger}]</arg>
<doc>Click the element identified by ``locator``.</doc>
<status status="NOT RUN" starttime="20240128 12:38:57.144" endtime="20240128 12:38:57.144"/>
</kw>
<status status="NOT RUN" starttime="20240128 12:38:57.144" endtime="20240128 12:38:57.144"/>
</branch>
<status status="PASS" starttime="20240128 12:38:57.121" endtime="20240128 12:38:57.144"/>
</if>
<status status="PASS" starttime="20240128 12:38:57.101" endtime="20240128 12:38:57.144"/>
</kw>
<kw name="Input Text" library="SeleniumLibrary">
<arg>${reservation_passenger_passenger_name_input}[1]</arg>
<arg>${second_passenger_name}</arg>
<doc>Types the given ``text`` into the text field identified by ``locator``.</doc>
<msg timestamp="20240128 12:38:57.144" level="INFO">Typing text 'Mufida' into text field '//input[@name='passenger_list[1].name']'.</msg>
<status status="PASS" starttime="20240128 12:38:57.144" endtime="20240128 12:38:57.198"/>
</kw>
<kw name="Search and Select &quot;Nationality&quot; in Passenger Information" library="ReservationPassengerPage">
<arg>${second_passenger_nationality}</arg>
<arg>${sequence_passenger}</arg>
<kw name="Input Text" library="SeleniumLibrary">
<arg>${reservation_passenger_passenger_nationality_input}[${sequence_passenger}]</arg>
<arg>${passenger_nationality}</arg>
<doc>Types the given ``text`` into the text field identified by ``locator``.</doc>
<msg timestamp="20240128 12:38:57.198" level="INFO">Typing text 'Indonesia' into text field '//input[@name="passenger_list[1].passenger_nationality"]//preceding-sibling::div//input'.</msg>
<status status="PASS" starttime="20240128 12:38:57.198" endtime="20240128 12:38:57.256"/>
</kw>
<kw name="Click Element" library="SeleniumLibrary">
<arg>${reservation_passenger_passenger_nationality_option_1}[${sequence_passenger}]</arg>
<doc>Click the element identified by ``locator``.</doc>
<msg timestamp="20240128 12:38:57.256" level="INFO">Clicking element '//input[@name="passenger_list[1].passenger_nationality"]//preceding-sibling::div[1]/div/div'.</msg>
<status status="PASS" starttime="20240128 12:38:57.256" endtime="20240128 12:38:57.277"/>
</kw>
<status status="PASS" starttime="20240128 12:38:57.198" endtime="20240128 12:38:57.277"/>
</kw>
<kw name="Input Text" library="SeleniumLibrary">
<arg>${reservation_passenger_passenger_email_input}[1]</arg>
<arg>${second_passenger_email_valid}</arg>
<doc>Types the given ``text`` into the text field identified by ``locator``.</doc>
<msg timestamp="20240128 12:38:57.277" level="INFO">Typing text 'mufida@gmail.com' into text field '//input[@name='passenger_list[1].email']'.</msg>
<status status="PASS" starttime="20240128 12:38:57.277" endtime="20240128 12:38:57.361"/>
</kw>
<kw name="Input Text" library="SeleniumLibrary">
<arg>${reservation_passenger_passenger_phone_number_input}</arg>
<arg>${second_passenger_phone_number}</arg>
<doc>Types the given ``text`` into the text field identified by ``locator``.</doc>
<msg timestamp="20240128 12:38:57.361" level="INFO">Typing text '81223322111' into text field '//div[@tabindex=-1]//input[@type="tel"]'.</msg>
<status status="PASS" starttime="20240128 12:38:57.361" endtime="20240128 12:38:57.462"/>
</kw>
<kw name="Click Button" library="SeleniumLibrary">
<arg>${reservation_passenger_passenger_save_button}</arg>
<doc>Clicks the button identified by ``locator``.</doc>
<msg timestamp="20240128 12:38:57.463" level="INFO">Clicking button '//div[@tabindex=-1]//button[@type="Submit"]'.</msg>
<status status="PASS" starttime="20240128 12:38:57.463" endtime="20240128 12:38:57.492"/>
</kw>
<kw name="Sleep" library="BuiltIn">
<arg>3s</arg>
<doc>Pauses the test executed for the given time.</doc>
<msg timestamp="20240128 12:39:00.493" level="INFO">Slept 3 seconds</msg>
<status status="PASS" starttime="20240128 12:38:57.492" endtime="20240128 12:39:00.493"/>
</kw>
<status status="PASS" starttime="20240128 12:38:57.062" endtime="20240128 12:39:00.494"/>
</branch>
<status status="PASS" starttime="20240128 12:38:57.062" endtime="20240128 12:39:00.494"/>
</if>
<if>
<branch type="IF" condition="${has_child}">
<kw name="Click Element" library="SeleniumLibrary">
<arg>${reservation_passenger_add_button}</arg>
<doc>Click the element identified by ``locator``.</doc>
<msg timestamp="20240128 12:39:00.495" level="INFO">Clicking element '//div[@class="clickable normal-title text-extra-bold pt-3 pl-3"]'.</msg>
<status status="PASS" starttime="20240128 12:39:00.494" endtime="20240128 12:39:00.542"/>
</kw>
<kw name="Set Variable" library="BuiltIn">
<var>${sequence_passenger}</var>
<arg>2</arg>
<doc>Returns the given values which can then be assigned to a variables.</doc>
<msg timestamp="20240128 12:39:00.543" level="INFO">${sequence_passenger} = 2</msg>
<status status="PASS" starttime="20240128 12:39:00.542" endtime="20240128 12:39:00.543"/>
</kw>
<kw name="Wait Until Page Contains Element" library="SeleniumLibrary">
<arg>${reservation_passenger_passenger_name_input}[2]</arg>
<arg>20s</arg>
<doc>Waits until the element ``locator`` appears on the current page.</doc>
<status status="PASS" starttime="20240128 12:39:00.543" endtime="20240128 12:39:00.552"/>
</kw>
<kw name="Select &quot;Title&quot; in Passenger Information" library="ReservationPassengerPage">
<arg>${child_passenger_title}</arg>
<arg>${sequence_passenger}</arg>
<kw name="Click Element" library="SeleniumLibrary">
<arg>${reservation_passenger_passenger_title_expand}[${sequence_passenger}]</arg>
<doc>Click the element identified by ``locator``.</doc>
<msg timestamp="20240128 12:39:00.552" level="INFO">Clicking element '//input[@name="passenger_list[2].title"]//preceding-sibling::div//*[name()='svg']'.</msg>
<status status="PASS" starttime="20240128 12:39:00.552" endtime="20240128 12:39:00.578"/>
</kw>
<if>
<branch type="IF" condition="&quot;${passenger_title}&quot; == &quot;${TITLE_MR}&quot;">
<kw name="Click Element" library="SeleniumLibrary">
<arg>${reservation_passenger_passenger_title_option_mr}[${sequence_passenger}]</arg>
<doc>Click the element identified by ``locator``.</doc>
<status status="NOT RUN" starttime="20240128 12:39:00.579" endtime="20240128 12:39:00.579"/>
</kw>
<status status="NOT RUN" starttime="20240128 12:39:00.579" endtime="20240128 12:39:00.579"/>
</branch>
<branch type="ELSE IF" condition="&quot;${passenger_title}&quot; == &quot;${TITLE_MRS}&quot;">
<kw name="Click Element" library="SeleniumLibrary">
<arg>${reservation_passenger_passenger_title_option_mrs}[${sequence_passenger}]</arg>
<doc>Click the element identified by ``locator``.</doc>
<status status="NOT RUN" starttime="20240128 12:39:00.579" endtime="20240128 12:39:00.579"/>
</kw>
<status status="NOT RUN" starttime="20240128 12:39:00.579" endtime="20240128 12:39:00.579"/>
</branch>
<branch type="ELSE IF" condition="&quot;${passenger_title}&quot; == &quot;${TITLE_MS}&quot;">
<kw name="Click Element" library="SeleniumLibrary">
<arg>${reservation_passenger_passenger_title_option_ms}[${sequence_passenger}]</arg>
<doc>Click the element identified by ``locator``.</doc>
<status status="NOT RUN" starttime="20240128 12:39:00.579" endtime="20240128 12:39:00.579"/>
</kw>
<status status="NOT RUN" starttime="20240128 12:39:00.579" endtime="20240128 12:39:00.579"/>
</branch>
<branch type="ELSE IF" condition="&quot;${passenger_title}&quot; == &quot;${TITLE_CHILD}&quot;">
<kw name="Click Element" library="SeleniumLibrary">
<arg>${reservation_passenger_passenger_title_option_child}[${sequence_passenger}]</arg>
<doc>Click the element identified by ``locator``.</doc>
<msg timestamp="20240128 12:39:00.580" level="INFO">Clicking element '//input[@name="passenger_list[2].title"]//preceding-sibling::div//div[contains(@id, '-option-3')]'.</msg>
<status status="PASS" starttime="20240128 12:39:00.580" endtime="20240128 12:39:00.603"/>
</kw>
<status status="PASS" starttime="20240128 12:39:00.579" endtime="20240128 12:39:00.603"/>
</branch>
<branch type="ELSE">
<kw name="Click Element" library="SeleniumLibrary">
<arg>${reservation_passenger_passenger_title_option_infant}[${sequence_passenger}]</arg>
<doc>Click the element identified by ``locator``.</doc>
<status status="NOT RUN" starttime="20240128 12:39:00.603" endtime="20240128 12:39:00.603"/>
</kw>
<status status="NOT RUN" starttime="20240128 12:39:00.603" endtime="20240128 12:39:00.603"/>
</branch>
<status status="PASS" starttime="20240128 12:39:00.579" endtime="20240128 12:39:00.603"/>
</if>
<status status="PASS" starttime="20240128 12:39:00.552" endtime="20240128 12:39:00.603"/>
</kw>
<kw name="Input Text" library="SeleniumLibrary">
<arg>${reservation_passenger_passenger_name_input}[2]</arg>
<arg>${child_passenger_name}</arg>
<doc>Types the given ``text`` into the text field identified by ``locator``.</doc>
<msg timestamp="20240128 12:39:00.604" level="INFO">Typing text 'Ardisyah' into text field '//input[@name='passenger_list[2].name']'.</msg>
<status status="PASS" starttime="20240128 12:39:00.603" endtime="20240128 12:39:00.663"/>
</kw>
<kw name="Search and Select &quot;Nationality&quot; in Passenger Information" library="ReservationPassengerPage">
<arg>${child_passenger_nationality}</arg>
<arg>${sequence_passenger}</arg>
<kw name="Input Text" library="SeleniumLibrary">
<arg>${reservation_passenger_passenger_nationality_input}[${sequence_passenger}]</arg>
<arg>${passenger_nationality}</arg>
<doc>Types the given ``text`` into the text field identified by ``locator``.</doc>
<msg timestamp="20240128 12:39:00.664" level="INFO">Typing text 'Indonesia' into text field '//input[@name="passenger_list[2].passenger_nationality"]//preceding-sibling::div//input'.</msg>
<status status="PASS" starttime="20240128 12:39:00.664" endtime="20240128 12:39:00.724"/>
</kw>
<kw name="Click Element" library="SeleniumLibrary">
<arg>${reservation_passenger_passenger_nationality_option_1}[${sequence_passenger}]</arg>
<doc>Click the element identified by ``locator``.</doc>
<msg timestamp="20240128 12:39:00.724" level="INFO">Clicking element '//input[@name="passenger_list[2].passenger_nationality"]//preceding-sibling::div[1]/div/div'.</msg>
<status status="PASS" starttime="20240128 12:39:00.724" endtime="20240128 12:39:00.746"/>
</kw>
<status status="PASS" starttime="20240128 12:39:00.663" endtime="20240128 12:39:00.746"/>
</kw>
<kw name="Click Button" library="SeleniumLibrary">
<arg>${reservation_passenger_passenger_save_button}</arg>
<doc>Clicks the button identified by ``locator``.</doc>
<msg timestamp="20240128 12:39:00.746" level="INFO">Clicking button '//div[@tabindex=-1]//button[@type="Submit"]'.</msg>
<status status="PASS" starttime="20240128 12:39:00.746" endtime="20240128 12:39:00.777"/>
</kw>
<kw name="Sleep" library="BuiltIn">
<arg>3s</arg>
<doc>Pauses the test executed for the given time.</doc>
<msg timestamp="20240128 12:39:03.778" level="INFO">Slept 3 seconds</msg>
<status status="PASS" starttime="20240128 12:39:00.777" endtime="20240128 12:39:03.779"/>
</kw>
<status status="PASS" starttime="20240128 12:39:00.494" endtime="20240128 12:39:03.780"/>
</branch>
<status status="PASS" starttime="20240128 12:39:00.494" endtime="20240128 12:39:03.780"/>
</if>
<if>
<branch type="IF" condition="${has_infant}">
<kw name="Click Element" library="SeleniumLibrary">
<arg>${reservation_passenger_add_button}</arg>
<doc>Click the element identified by ``locator``.</doc>
<msg timestamp="20240128 12:39:03.783" level="INFO">Clicking element '//div[@class="clickable normal-title text-extra-bold pt-3 pl-3"]'.</msg>
<status status="PASS" starttime="20240128 12:39:03.781" endtime="20240128 12:39:03.839"/>
</kw>
<kw name="Set Variable" library="BuiltIn">
<var>${sequence_passenger}</var>
<arg>3</arg>
<doc>Returns the given values which can then be assigned to a variables.</doc>
<msg timestamp="20240128 12:39:03.839" level="INFO">${sequence_passenger} = 3</msg>
<status status="PASS" starttime="20240128 12:39:03.839" endtime="20240128 12:39:03.839"/>
</kw>
<kw name="Wait Until Page Contains Element" library="SeleniumLibrary">
<arg>${reservation_passenger_passenger_name_input}[3]</arg>
<arg>20s</arg>
<doc>Waits until the element ``locator`` appears on the current page.</doc>
<status status="PASS" starttime="20240128 12:39:03.839" endtime="20240128 12:39:03.848"/>
</kw>
<kw name="Select &quot;Title&quot; in Passenger Information" library="ReservationPassengerPage">
<arg>${infant_passenger_title}</arg>
<arg>${sequence_passenger}</arg>
<kw name="Click Element" library="SeleniumLibrary">
<arg>${reservation_passenger_passenger_title_expand}[${sequence_passenger}]</arg>
<doc>Click the element identified by ``locator``.</doc>
<msg timestamp="20240128 12:39:03.848" level="INFO">Clicking element '//input[@name="passenger_list[3].title"]//preceding-sibling::div//*[name()='svg']'.</msg>
<status status="PASS" starttime="20240128 12:39:03.848" endtime="20240128 12:39:03.869"/>
</kw>
<if>
<branch type="IF" condition="&quot;${passenger_title}&quot; == &quot;${TITLE_MR}&quot;">
<kw name="Click Element" library="SeleniumLibrary">
<arg>${reservation_passenger_passenger_title_option_mr}[${sequence_passenger}]</arg>
<doc>Click the element identified by ``locator``.</doc>
<status status="NOT RUN" starttime="20240128 12:39:03.869" endtime="20240128 12:39:03.869"/>
</kw>
<status status="NOT RUN" starttime="20240128 12:39:03.869" endtime="20240128 12:39:03.869"/>
</branch>
<branch type="ELSE IF" condition="&quot;${passenger_title}&quot; == &quot;${TITLE_MRS}&quot;">
<kw name="Click Element" library="SeleniumLibrary">
<arg>${reservation_passenger_passenger_title_option_mrs}[${sequence_passenger}]</arg>
<doc>Click the element identified by ``locator``.</doc>
<status status="NOT RUN" starttime="20240128 12:39:03.869" endtime="20240128 12:39:03.870"/>
</kw>
<status status="NOT RUN" starttime="20240128 12:39:03.869" endtime="20240128 12:39:03.870"/>
</branch>
<branch type="ELSE IF" condition="&quot;${passenger_title}&quot; == &quot;${TITLE_MS}&quot;">
<kw name="Click Element" library="SeleniumLibrary">
<arg>${reservation_passenger_passenger_title_option_ms}[${sequence_passenger}]</arg>
<doc>Click the element identified by ``locator``.</doc>
<status status="NOT RUN" starttime="20240128 12:39:03.870" endtime="20240128 12:39:03.870"/>
</kw>
<status status="NOT RUN" starttime="20240128 12:39:03.870" endtime="20240128 12:39:03.870"/>
</branch>
<branch type="ELSE IF" condition="&quot;${passenger_title}&quot; == &quot;${TITLE_CHILD}&quot;">
<kw name="Click Element" library="SeleniumLibrary">
<arg>${reservation_passenger_passenger_title_option_child}[${sequence_passenger}]</arg>
<doc>Click the element identified by ``locator``.</doc>
<status status="NOT RUN" starttime="20240128 12:39:03.870" endtime="20240128 12:39:03.870"/>
</kw>
<status status="NOT RUN" starttime="20240128 12:39:03.870" endtime="20240128 12:39:03.870"/>
</branch>
<branch type="ELSE">
<kw name="Click Element" library="SeleniumLibrary">
<arg>${reservation_passenger_passenger_title_option_infant}[${sequence_passenger}]</arg>
<doc>Click the element identified by ``locator``.</doc>
<msg timestamp="20240128 12:39:03.870" level="INFO">Clicking element '//input[@name="passenger_list[3].title"]//preceding-sibling::div//div[contains(@id, '-option-4')]'.</msg>
<status status="PASS" starttime="20240128 12:39:03.870" endtime="20240128 12:39:03.895"/>
</kw>
<status status="PASS" starttime="20240128 12:39:03.870" endtime="20240128 12:39:03.895"/>
</branch>
<status status="PASS" starttime="20240128 12:39:03.869" endtime="20240128 12:39:03.895"/>
</if>
<status status="PASS" starttime="20240128 12:39:03.848" endtime="20240128 12:39:03.895"/>
</kw>
<kw name="Input Text" library="SeleniumLibrary">
<arg>${reservation_passenger_passenger_name_input}[3]</arg>
<arg>${infant_passenger_name}</arg>
<doc>Types the given ``text`` into the text field identified by ``locator``.</doc>
<msg timestamp="20240128 12:39:03.895" level="INFO">Typing text 'Salma Salsabil' into text field '//input[@name='passenger_list[3].name']'.</msg>
<status status="PASS" starttime="20240128 12:39:03.895" endtime="20240128 12:39:03.977"/>
</kw>
<kw name="Input Text" library="SeleniumLibrary">
<arg>${reservation_passenger_passenger_birth_date_input}[3]</arg>
<arg>${infant_passenger_birth_date}</arg>
<doc>Types the given ``text`` into the text field identified by ``locator``.</doc>
<msg timestamp="20240128 12:39:03.978" level="INFO">Typing text '02102023' into text field '//input[@name='passenger_list[3].passenger_date_of_birth']'.</msg>
<status status="PASS" starttime="20240128 12:39:03.977" endtime="20240128 12:39:04.025"/>
</kw>
<kw name="Search and Select &quot;Nationality&quot; in Passenger Information" library="ReservationPassengerPage">
<arg>${infant_passenger_nationality}</arg>
<arg>${sequence_passenger}</arg>
<kw name="Input Text" library="SeleniumLibrary">
<arg>${reservation_passenger_passenger_nationality_input}[${sequence_passenger}]</arg>
<arg>${passenger_nationality}</arg>
<doc>Types the given ``text`` into the text field identified by ``locator``.</doc>
<msg timestamp="20240128 12:39:04.026" level="INFO">Typing text 'Indonesia' into text field '//input[@name="passenger_list[3].passenger_nationality"]//preceding-sibling::div//input'.</msg>
<status status="PASS" starttime="20240128 12:39:04.026" endtime="20240128 12:39:04.080"/>
</kw>
<kw name="Click Element" library="SeleniumLibrary">
<arg>${reservation_passenger_passenger_nationality_option_1}[${sequence_passenger}]</arg>
<doc>Click the element identified by ``locator``.</doc>
<msg timestamp="20240128 12:39:04.080" level="INFO">Clicking element '//input[@name="passenger_list[3].passenger_nationality"]//preceding-sibling::div[1]/div/div'.</msg>
<status status="PASS" starttime="20240128 12:39:04.080" endtime="20240128 12:39:04.102"/>
</kw>
<status status="PASS" starttime="20240128 12:39:04.025" endtime="20240128 12:39:04.102"/>
</kw>
<kw name="Click Button" library="SeleniumLibrary">
<arg>${reservation_passenger_passenger_save_button}</arg>
<doc>Clicks the button identified by ``locator``.</doc>
<msg timestamp="20240128 12:39:04.103" level="INFO">Clicking button '//div[@tabindex=-1]//button[@type="Submit"]'.</msg>
<status status="PASS" starttime="20240128 12:39:04.102" endtime="20240128 12:39:04.133"/>
</kw>
<kw name="Sleep" library="BuiltIn">
<arg>3s</arg>
<doc>Pauses the test executed for the given time.</doc>
<msg timestamp="20240128 12:39:07.135" level="INFO">Slept 3 seconds</msg>
<status status="PASS" starttime="20240128 12:39:04.133" endtime="20240128 12:39:07.136"/>
</kw>
<status status="PASS" starttime="20240128 12:39:03.781" endtime="20240128 12:39:07.137"/>
</branch>
<status status="PASS" starttime="20240128 12:39:03.780" endtime="20240128 12:39:07.137"/>
</if>
<kw name="Click Element" library="SeleniumLibrary">
<arg>${reservation_passenger_passenger_as_booker_checkbox}</arg>
<doc>Click the element identified by ``locator``.</doc>
<msg timestamp="20240128 12:39:07.139" level="INFO">Clicking element '//input[@name="passenger_as_booker"]/following::span[@class="checkmark"]'.</msg>
<status status="PASS" starttime="20240128 12:39:07.137" endtime="20240128 12:39:07.201"/>
</kw>
<kw name="Click Button" library="SeleniumLibrary">
<arg>${reservation_passenger_next_button}</arg>
<doc>Clicks the button identified by ``locator``.</doc>
<msg timestamp="20240128 12:39:07.202" level="INFO">Clicking button '//div[@style="float: right;"]//button[2]'.</msg>
<status status="PASS" starttime="20240128 12:39:07.201" endtime="20240128 12:39:07.227"/>
</kw>
<kw name="Sleep" library="BuiltIn">
<arg>3s</arg>
<doc>Pauses the test executed for the given time.</doc>
<msg timestamp="20240128 12:39:10.228" level="INFO">Slept 3 seconds</msg>
<status status="PASS" starttime="20240128 12:39:07.227" endtime="20240128 12:39:10.229"/>
</kw>
<kw name="The &quot;Order Extras&quot; form in &quot;Reservation&quot; page displayed correctly" library="ReservationOrderExtrasPage">
<arg>${LANGUAGE_DEFAULT}</arg>
<if>
<branch type="IF" condition="&quot;${language}&quot; == &quot;${LANGUAGE_EN}&quot;">
<kw name="Wait Until Page Contains" library="SeleniumLibrary">
<arg>${reservation_orderextras_en_main_header}</arg>
<arg>10s</arg>
<doc>Waits until ``text`` appears on the current page.</doc>
<status status="PASS" starttime="20240128 12:39:10.232" endtime="20240128 12:39:10.244"/>
</kw>
<status status="PASS" starttime="20240128 12:39:10.231" endtime="20240128 12:39:10.244"/>
</branch>
<branch type="ELSE">
<kw name="Wait Until Page Contains" library="SeleniumLibrary">
<arg>${reservation_orderextras_id_main_header}</arg>
<arg>10s</arg>
<doc>Waits until ``text`` appears on the current page.</doc>
<status status="NOT RUN" starttime="20240128 12:39:10.245" endtime="20240128 12:39:10.245"/>
</kw>
<status status="NOT RUN" starttime="20240128 12:39:10.245" endtime="20240128 12:39:10.245"/>
</branch>
<status status="PASS" starttime="20240128 12:39:10.231" endtime="20240128 12:39:10.245"/>
</if>
<kw name="Page Should Contain Header Reservation" library="ReservationFlightPage">
<arg>${language}</arg>
<kw name="Page Should Contain Image" library="SeleniumLibrary">
<arg>${header_joumpa_logo}</arg>
<doc>Verifies image identified by ``locator`` is found from current page.</doc>
<msg timestamp="20240128 12:39:10.257" level="INFO">Current page contains image '//a[@class="navbar-brand"]/img'.</msg>
<status status="PASS" starttime="20240128 12:39:10.246" endtime="20240128 12:39:10.257"/>
</kw>
<kw name="Page Should Contain Reservation title" library="ReservationFlightPage">
<arg>${language}</arg>
<if>
<branch type="IF" condition="&quot;${language}&quot; == &quot;${LANGUAGE_EN}&quot;">
<kw name="Page Should Contain" library="SeleniumLibrary">
<arg>${header_en_reservation_title}</arg>
<doc>Verifies that current page contains ``text``.</doc>
<msg timestamp="20240128 12:39:10.265" level="INFO">Current page contains text 'Book Your Assistant'.</msg>
<status status="PASS" starttime="20240128 12:39:10.258" endtime="20240128 12:39:10.266"/>
</kw>
<status status="PASS" starttime="20240128 12:39:10.258" endtime="20240128 12:39:10.266"/>
</branch>
<branch type="ELSE">
<kw name="Page Should Contain" library="SeleniumLibrary">
<arg>${header_id_reservation_title}</arg>
<doc>Verifies that current page contains ``text``.</doc>
<status status="NOT RUN" starttime="20240128 12:39:10.266" endtime="20240128 12:39:10.266"/>
</kw>
<status status="NOT RUN" starttime="20240128 12:39:10.266" endtime="20240128 12:39:10.266"/>
</branch>
<status status="PASS" starttime="20240128 12:39:10.258" endtime="20240128 12:39:10.266"/>
</if>
<status status="PASS" starttime="20240128 12:39:10.257" endtime="20240128 12:39:10.266"/>
</kw>
<status status="PASS" starttime="20240128 12:39:10.245" endtime="20240128 12:39:10.266"/>
</kw>
<kw name="Page Should Contain Process Reservation" library="ReservationFlightPage">
<arg>${language}</arg>
<if>
<branch type="IF" condition="&quot;${language}&quot; == &quot;${LANGUAGE_EN}&quot;">
<kw name="Page Should Contain" library="SeleniumLibrary">
<arg>${reservation_flight_en_new_reservation_title}</arg>
<doc>Verifies that current page contains ``text``.</doc>
<msg timestamp="20240128 12:39:10.274" level="INFO">Current page contains text 'New Reservation'.</msg>
<status status="PASS" starttime="20240128 12:39:10.267" endtime="20240128 12:39:10.274"/>
</kw>
<kw name="Page Should Contain" library="SeleniumLibrary">
<arg>${reservation_flight_en_process_reservation_list}[0]</arg>
<doc>Verifies that current page contains ``text``.</doc>
<msg timestamp="20240128 12:39:10.280" level="INFO">Current page contains text 'Flight'.</msg>
<status status="PASS" starttime="20240128 12:39:10.274" endtime="20240128 12:39:10.280"/>
</kw>
<kw name="Page Should Contain" library="SeleniumLibrary">
<arg>${reservation_flight_en_process_reservation_list}[1]</arg>
<doc>Verifies that current page contains ``text``.</doc>
<msg timestamp="20240128 12:39:10.286" level="INFO">Current page contains text 'Passenger'.</msg>
<status status="PASS" starttime="20240128 12:39:10.281" endtime="20240128 12:39:10.286"/>
</kw>
<kw name="Page Should Contain" library="SeleniumLibrary">
<arg>${reservation_flight_en_process_reservation_list}[2]</arg>
<doc>Verifies that current page contains ``text``.</doc>
<msg timestamp="20240128 12:39:10.292" level="INFO">Current page contains text 'Order Extras'.</msg>
<status status="PASS" starttime="20240128 12:39:10.287" endtime="20240128 12:39:10.292"/>
</kw>
<kw name="Page Should Contain" library="SeleniumLibrary">
<arg>${reservation_flight_en_process_reservation_list}[3]</arg>
<doc>Verifies that current page contains ``text``.</doc>
<msg timestamp="20240128 12:39:10.297" level="INFO">Current page contains text 'Check Out'.</msg>
<status status="PASS" starttime="20240128 12:39:10.292" endtime="20240128 12:39:10.297"/>
</kw>
<status status="PASS" starttime="20240128 12:39:10.267" endtime="20240128 12:39:10.297"/>
</branch>
<branch type="ELSE">
<kw name="Page Should Contain" library="SeleniumLibrary">
<arg>${reservation_flight_id_new_reservation_title}</arg>
<doc>Verifies that current page contains ``text``.</doc>
<status status="NOT RUN" starttime="20240128 12:39:10.298" endtime="20240128 12:39:10.298"/>
</kw>
<kw name="Page Should Contain" library="SeleniumLibrary">
<arg>${reservation_flight_id_process_reservation_list}[0]</arg>
<doc>Verifies that current page contains ``text``.</doc>
<status status="NOT RUN" starttime="20240128 12:39:10.298" endtime="20240128 12:39:10.298"/>
</kw>
<kw name="Page Should Contain" library="SeleniumLibrary">
<arg>${reservation_flight_id_process_reservation_list}[1]</arg>
<doc>Verifies that current page contains ``text``.</doc>
<status status="NOT RUN" starttime="20240128 12:39:10.298" endtime="20240128 12:39:10.298"/>
</kw>
<kw name="Page Should Contain" library="SeleniumLibrary">
<arg>${reservation_flight_id_process_reservation_list}[2]</arg>
<doc>Verifies that current page contains ``text``.</doc>
[...]
<status status="PASS" starttime="20240128 12:39:20.460" endtime="20240128 12:39:20.464"/>
</kw>
<kw name="Page Should Contain" library="SeleniumLibrary">
<arg>${FOOTER_EN_SUPPORT_BUTTON_LABEL}</arg>
<doc>Verifies that current page contains ``text``.</doc>
<msg timestamp="20240128 12:39:20.468" level="INFO">Current page contains text 'Go To Support'.</msg>
<status status="PASS" starttime="20240128 12:39:20.465" endtime="20240128 12:39:20.468"/>
</kw>
<status status="PASS" starttime="20240128 12:39:20.456" endtime="20240128 12:39:20.468"/>
</branch>
<branch type="ELSE">
<kw name="Page Should Contain" library="SeleniumLibrary">
<arg>${FOOTER_ID_SUPPORT_MAIN_HEADER}</arg>
<doc>Verifies that current page contains ``text``.</doc>
<status status="NOT RUN" starttime="20240128 12:39:20.469" endtime="20240128 12:39:20.469"/>
</kw>
<kw name="Page Should Contain" library="SeleniumLibrary">
<arg>${FOOTER_ID_SUPPORT_MAIN_HEADER_2}</arg>
<doc>Verifies that current page contains ``text``.</doc>
<status status="NOT RUN" starttime="20240128 12:39:20.469" endtime="20240128 12:39:20.469"/>
</kw>
<kw name="Page Should Contain" library="SeleniumLibrary">
<arg>${FOOTER_ID_SUPPORT_BUTTON_LABEL}</arg>
<doc>Verifies that current page contains ``text``.</doc>
<status status="NOT RUN" starttime="20240128 12:39:20.469" endtime="20240128 12:39:20.469"/>
</kw>
<status status="NOT RUN" starttime="20240128 12:39:20.469" endtime="20240128 12:39:20.469"/>
</branch>
<status status="PASS" starttime="20240128 12:39:20.456" endtime="20240128 12:39:20.469"/>
</if>
<kw name="Page Should Contain Element" library="SeleniumLibrary">
<arg>${FOOTER_SUPPORT_BUTTON}</arg>
<doc>Verifies that element ``locator`` is found on the current page.</doc>
<msg timestamp="20240128 12:39:20.472" level="INFO">Current page contains element '//*[@id="root"]/div[4]/div[1]/div/button'.</msg>
<status status="PASS" starttime="20240128 12:39:20.469" endtime="20240128 12:39:20.472"/>
</kw>
<status status="PASS" starttime="20240128 12:39:20.456" endtime="20240128 12:39:20.472"/>
</kw>
<kw name="Page Should Contain Main Footer" library="Footer">
<arg>${language}</arg>
<kw name="Page Should Contain Image" library="SeleniumLibrary">
<arg>${FOOTER_JOUMPA_LOGO}</arg>
<doc>Verifies image identified by ``locator`` is found from current page.</doc>
<msg timestamp="20240128 12:39:20.477" level="INFO">Current page contains image '//*[@id="root"]/div[4]/div[2]/div/div[1]/img'.</msg>
<status status="PASS" starttime="20240128 12:39:20.473" endtime="20240128 12:39:20.478"/>
</kw>
<kw name="Page Should Contain Image" library="SeleniumLibrary">
<arg>${FOOTER_GAPURA_LOGO}</arg>
<doc>Verifies image identified by ``locator`` is found from current page.</doc>
<msg timestamp="20240128 12:39:20.484" level="INFO">Current page contains image '//*[@id="root"]/div[4]/div[2]/div/div[1]/div/img'.</msg>
<status status="PASS" starttime="20240128 12:39:20.478" endtime="20240128 12:39:20.484"/>
</kw>
<kw name="Page Should Contain Element" library="SeleniumLibrary">
<arg>${FOOTER_TERMS_AND_CONDITION}</arg>
<doc>Verifies that element ``locator`` is found on the current page.</doc>
<msg timestamp="20240128 12:39:20.487" level="INFO">Current page contains element '//*[@id="root"]/div[4]/div[2]/div/div[2]/div/div[1]/div[2]'.</msg>
<status status="PASS" starttime="20240128 12:39:20.484" endtime="20240128 12:39:20.488"/>
</kw>
<kw name="Page Should Contain Element" library="SeleniumLibrary">
<arg>${FOOTER_PRIVACY_POLICY}</arg>
<doc>Verifies that element ``locator`` is found on the current page.</doc>
<msg timestamp="20240128 12:39:20.493" level="INFO">Current page contains element '//*[@id="root"]/div[4]/div[2]/div/div[2]/div/div[1]/div[3]'.</msg>
<status status="PASS" starttime="20240128 12:39:20.488" endtime="20240128 12:39:20.493"/>
</kw>
<kw name="Page Should Contain Element" library="SeleniumLibrary">
<arg>${FOOTER_CONTACT_US}</arg>
<doc>Verifies that element ``locator`` is found on the current page.</doc>
<msg timestamp="20240128 12:39:20.500" level="INFO">Current page contains element '//*[@id="root"]/div[4]/div[2]/div/div[2]/div/div[1]/div[4]'.</msg>
<status status="PASS" starttime="20240128 12:39:20.493" endtime="20240128 12:39:20.500"/>
</kw>
<kw name="Page Should Contain Element" library="SeleniumLibrary">
<arg>${FOOTER_OUR_LOCATION}</arg>
<doc>Verifies that element ``locator`` is found on the current page.</doc>
<msg timestamp="20240128 12:39:20.508" level="INFO">Current page contains element '//*[@id="root"]/div[4]/div[2]/div/div[2]/div/div[2]/div[2]'.</msg>
<status status="PASS" starttime="20240128 12:39:20.500" endtime="20240128 12:39:20.508"/>
</kw>
<kw name="Page Should Contain Element" library="SeleniumLibrary">
<arg>${FOOTER_ABOUT_JOUMPA}</arg>
<doc>Verifies that element ``locator`` is found on the current page.</doc>
<msg timestamp="20240128 12:39:20.515" level="INFO">Current page contains element '//*[@id="root"]/div[4]/div[2]/div/div[2]/div/div[2]/div[3]'.</msg>
<status status="PASS" starttime="20240128 12:39:20.508" endtime="20240128 12:39:20.515"/>
</kw>
<kw name="Page Should Contain Element" library="SeleniumLibrary">
<arg>${FOOTER_ABOUT_GAPURA}</arg>
<doc>Verifies that element ``locator`` is found on the current page.</doc>
<msg timestamp="20240128 12:39:20.522" level="INFO">Current page contains element '//*[@id="root"]/div[4]/div[2]/div/div[2]/div/div[2]/a'.</msg>
<status status="PASS" starttime="20240128 12:39:20.515" endtime="20240128 12:39:20.523"/>
</kw>
<kw name="Page Should Contain Image" library="SeleniumLibrary">
<arg>${FOOTER_DOWNLOAD_GOOGLE_PLAY_LOGO}</arg>
<doc>Verifies image identified by ``locator`` is found from current page.</doc>
<msg timestamp="20240128 12:39:20.531" level="INFO">Current page contains image '//*[@id="root"]/div[4]/div[2]/div/div[4]/div[2]/div[1]/a/img'.</msg>
<status status="PASS" starttime="20240128 12:39:20.523" endtime="20240128 12:39:20.531"/>
</kw>
<kw name="Page Should Contain Image" library="SeleniumLibrary">
<arg>${FOOTER_DOWNLOAD_GOOGLE_PLAY_QR}</arg>
<doc>Verifies image identified by ``locator`` is found from current page.</doc>
<msg timestamp="20240128 12:39:20.539" level="INFO">Current page contains image '//*[@id="root"]/div[4]/div[2]/div/div[4]/div[2]/div[1]/img'.</msg>
<status status="PASS" starttime="20240128 12:39:20.532" endtime="20240128 12:39:20.539"/>
</kw>
<kw name="Page Should Contain Image" library="SeleniumLibrary">
<arg>${FOOTER_DOWNLOAD_APP_STORE_LOGO}</arg>
<doc>Verifies image identified by ``locator`` is found from current page.</doc>
<msg timestamp="20240128 12:39:20.548" level="INFO">Current page contains image '//*[@id="root"]/div[4]/div[2]/div/div[4]/div[2]/div[2]/a/img'.</msg>
<status status="PASS" starttime="20240128 12:39:20.539" endtime="20240128 12:39:20.548"/>
</kw>
<kw name="Page Should Contain Image" library="SeleniumLibrary">
<arg>${FOOTER_DOWNLOAD_APP_STORE_QR}</arg>
<doc>Verifies image identified by ``locator`` is found from current page.</doc>
<msg timestamp="20240128 12:39:20.567" level="INFO">Current page contains image '//*[@id="root"]/div[4]/div[2]/div/div[4]/div[2]/div[2]/img'.</msg>
<status status="PASS" starttime="20240128 12:39:20.548" endtime="20240128 12:39:20.567"/>
</kw>
<if>
<branch type="IF" condition="&quot;${LANGUAGE}&quot; == &quot;${HEADER_EN_LANGUAGE_LABEL}&quot;">
<kw name="Page Should Contain Main Footer In English" library="Footer">
<kw name="Page Should Contain" library="SeleniumLibrary">
<arg>${FOOTER_EN_PRODUCT_FROM}</arg>
<doc>Verifies that current page contains ``text``.</doc>
<msg timestamp="20240128 12:39:20.575" level="INFO">Current page contains text 'Product of :'.</msg>
<status status="PASS" starttime="20240128 12:39:20.568" endtime="20240128 12:39:20.575"/>
</kw>
<kw name="Page Should Contain" library="SeleniumLibrary">
<arg>${FOOTER_EN_INFORMATION}</arg>
<doc>Verifies that current page contains ``text``.</doc>
<msg timestamp="20240128 12:39:20.580" level="INFO">Current page contains text 'Information'.</msg>
<status status="PASS" starttime="20240128 12:39:20.575" endtime="20240128 12:39:20.580"/>
</kw>
<kw name="Page Should Contain" library="SeleniumLibrary">
<arg>${FOOTER_EN_ABOUT_US}</arg>
<doc>Verifies that current page contains ``text``.</doc>
<msg timestamp="20240128 12:39:20.585" level="INFO">Current page contains text 'About Us'.</msg>
<status status="PASS" starttime="20240128 12:39:20.580" endtime="20240128 12:39:20.585"/>
</kw>
<kw name="Page Should Contain" library="SeleniumLibrary">
<arg>${FOOTER_EN_CONTACT_CENTER}</arg>
<doc>Verifies that current page contains ``text``.</doc>
<msg timestamp="20240128 12:39:20.595" level="INFO">Current page contains text 'Contact Center'.</msg>
<status status="PASS" starttime="20240128 12:39:20.585" endtime="20240128 12:39:20.595"/>
</kw>
<kw name="Page Should Contain" library="SeleniumLibrary">
<arg>${FOOTER_EN_WHATSAPP_LABEL}</arg>
<doc>Verifies that current page contains ``text``.</doc>
<msg timestamp="20240128 12:39:20.603" level="INFO">Current page contains text 'Whatsapp'.</msg>
<status status="PASS" starttime="20240128 12:39:20.595" endtime="20240128 12:39:20.603"/>
</kw>
<kw name="Page Should Contain" library="SeleniumLibrary">
<arg>${FOOTER_EN_EMAIL_LABEL}</arg>
<doc>Verifies that current page contains ``text``.</doc>
<msg timestamp="20240128 12:39:20.610" level="INFO">Current page contains text 'Email'.</msg>
<status status="PASS" starttime="20240128 12:39:20.603" endtime="20240128 12:39:20.610"/>
</kw>
<kw name="Page Should Contain" library="SeleniumLibrary">
<arg>${FOOTER_EN_CALL_CENTER_LABEL}</arg>
<doc>Verifies that current page contains ``text``.</doc>
<msg timestamp="20240128 12:39:20.614" level="INFO">Current page contains text 'Call Center'.</msg>
<status status="PASS" starttime="20240128 12:39:20.610" endtime="20240128 12:39:20.614"/>
</kw>
<kw name="Page Should Contain" library="SeleniumLibrary">
<arg>${FOOTER_EN_DOWNLOAD_APPS}</arg>
<doc>Verifies that current page contains ``text``.</doc>
<msg timestamp="20240128 12:39:20.618" level="INFO">Current page contains text 'Download Apps Joumpa for Customer'.</msg>
<status status="PASS" starttime="20240128 12:39:20.614" endtime="20240128 12:39:20.619"/>
</kw>
<kw name="Page Should Contain" library="SeleniumLibrary">
<arg>${FOOTER_EN_TERMS_AND_CONDITION_LABEL}</arg>
<doc>Verifies that current page contains ``text``.</doc>
<msg timestamp="20240128 12:39:20.623" level="INFO">Current page contains text 'Terms and Condition'.</msg>
<status status="PASS" starttime="20240128 12:39:20.619" endtime="20240128 12:39:20.623"/>
</kw>
<kw name="Page Should Contain" library="SeleniumLibrary">
<arg>${FOOTER_EN_PRIVACY_POLICY_LABEL}</arg>
<doc>Verifies that current page contains ``text``.</doc>
<msg timestamp="20240128 12:39:20.627" level="INFO">Current page contains text 'Privacy Policy'.</msg>
<status status="PASS" starttime="20240128 12:39:20.623" endtime="20240128 12:39:20.628"/>
</kw>
<kw name="Page Should Contain" library="SeleniumLibrary">
<arg>${FOOTER_EN_CONTACT_US_LABEL}</arg>
<doc>Verifies that current page contains ``text``.</doc>
<msg timestamp="20240128 12:39:20.632" level="INFO">Current page contains text 'Contact Us'.</msg>
<status status="PASS" starttime="20240128 12:39:20.628" endtime="20240128 12:39:20.632"/>
</kw>
<kw name="Page Should Contain" library="SeleniumLibrary">
<arg>${FOOTER_EN_OUR_LOCATION_LABEL}</arg>
<doc>Verifies that current page contains ``text``.</doc>
<msg timestamp="20240128 12:39:20.636" level="INFO">Current page contains text 'Our Location'.</msg>
<status status="PASS" starttime="20240128 12:39:20.632" endtime="20240128 12:39:20.636"/>
</kw>
<kw name="Page Should Contain" library="SeleniumLibrary">
<arg>${FOOTER_EN_ABOUT_JOUMPA_LABEL}</arg>
<doc>Verifies that current page contains ``text``.</doc>
<msg timestamp="20240128 12:39:20.640" level="INFO">Current page contains text 'About Joumpa'.</msg>
<status status="PASS" starttime="20240128 12:39:20.636" endtime="20240128 12:39:20.640"/>
</kw>
<kw name="Page Should Contain" library="SeleniumLibrary">
<arg>${FOOTER_EN_ABOUT_GAPURA_LABEL}</arg>
<doc>Verifies that current page contains ``text``.</doc>
<msg timestamp="20240128 12:39:20.644" level="INFO">Current page contains text 'About Gapura'.</msg>
<status status="PASS" starttime="20240128 12:39:20.640" endtime="20240128 12:39:20.644"/>
</kw>
<kw name="Page Should Contain" library="SeleniumLibrary">
<arg>${FOOTER_EN_WHATSAPP_VALUE}</arg>
<doc>Verifies that current page contains ``text``.</doc>
<msg timestamp="20240128 12:39:20.648" level="INFO">Current page contains text '+62-811-8566-009'.</msg>
<status status="PASS" starttime="20240128 12:39:20.644" endtime="20240128 12:39:20.648"/>
</kw>
<kw name="Page Should Contain" library="SeleniumLibrary">
<arg>${FOOTER_EN_EMAIL_VALUE}</arg>
<doc>Verifies that current page contains ``text``.</doc>
<msg timestamp="20240128 12:39:20.652" level="INFO">Current page contains text 'joumpa@gapura.id'.</msg>
<status status="PASS" starttime="20240128 12:39:20.648" endtime="20240128 12:39:20.652"/>
</kw>
<kw name="Page Should Contain" library="SeleniumLibrary">
<arg>${FOOTER_EN_CALL_CENTER_VALUE}</arg>
<doc>Verifies that current page contains ``text``.</doc>
<msg timestamp="20240128 12:39:20.657" level="INFO">Current page contains text '+62-811-8566-009'.</msg>
<status status="PASS" starttime="20240128 12:39:20.653" endtime="20240128 12:39:20.657"/>
</kw>
<status status="PASS" starttime="20240128 12:39:20.568" endtime="20240128 12:39:20.657"/>
</kw>
<status status="PASS" starttime="20240128 12:39:20.567" endtime="20240128 12:39:20.657"/>
</branch>
<branch type="ELSE">
<kw name="Page Should Contain Main Footer In Indonesian" library="Footer">
<status status="NOT RUN" starttime="20240128 12:39:20.657" endtime="20240128 12:39:20.657"/>
</kw>
<status status="NOT RUN" starttime="20240128 12:39:20.657" endtime="20240128 12:39:20.657"/>
</branch>
<status status="PASS" starttime="20240128 12:39:20.567" endtime="20240128 12:39:20.657"/>
</if>
<status status="PASS" starttime="20240128 12:39:20.472" endtime="20240128 12:39:20.657"/>
</kw>
<kw name="Checkmark in Flight Section is Green" library="ReservationFlightPage">
<kw name="Get Element Attribute" library="SeleniumLibrary">
<var>${style}</var>
<arg>${reservation_flight_checkmark_flight}</arg>
<arg>style</arg>
<doc>Returns the value of ``attribute`` from the element ``locator``.</doc>
<msg timestamp="20240128 12:39:20.664" level="INFO">${style} = border-radius: 50%; background-color: rgb(99, 174, 92); border-color: rgb(99, 174, 92); color: rgb(255, 255, 255);</msg>
<status status="PASS" starttime="20240128 12:39:20.657" endtime="20240128 12:39:20.664"/>
</kw>
<kw name="Evaluate" library="BuiltIn">
<var>${color}</var>
<arg>re.search("background-color: *(.*?);", '''${style}''').group(1)</arg>
<doc>Evaluates the given expression in Python and returns the result.</doc>
<msg timestamp="20240128 12:39:20.664" level="INFO">${color} = rgb(99, 174, 92)</msg>
<status status="PASS" starttime="20240128 12:39:20.664" endtime="20240128 12:39:20.664"/>
</kw>
<kw name="Should Be Equal" library="BuiltIn">
<arg>${color}</arg>
<arg>${checkmark_green}</arg>
<doc>Fails if the given objects are unequal.</doc>
<status status="PASS" starttime="20240128 12:39:20.664" endtime="20240128 12:39:20.665"/>
</kw>
<status status="PASS" starttime="20240128 12:39:20.657" endtime="20240128 12:39:20.665"/>
</kw>
<kw name="Checkmark in Passenger Section is Green" library="ReservationFlightPage">
<kw name="Get Element Attribute" library="SeleniumLibrary">
<var>${style}</var>
<arg>${reservation_flight_checkmark_passenger}</arg>
<arg>style</arg>
<doc>Returns the value of ``attribute`` from the element ``locator``.</doc>
<msg timestamp="20240128 12:39:20.672" level="INFO">${style} = border-radius: 50%; background-color: rgb(99, 174, 92); border-color: rgb(99, 174, 92); color: rgb(255, 255, 255);</msg>
<status status="PASS" starttime="20240128 12:39:20.665" endtime="20240128 12:39:20.672"/>
</kw>
<kw name="Evaluate" library="BuiltIn">
<var>${color}</var>
<arg>re.search("background-color: *(.*?);", '''${style}''').group(1)</arg>
<doc>Evaluates the given expression in Python and returns the result.</doc>
<msg timestamp="20240128 12:39:20.672" level="INFO">${color} = rgb(99, 174, 92)</msg>
<status status="PASS" starttime="20240128 12:39:20.672" endtime="20240128 12:39:20.672"/>
</kw>
<kw name="Should Be Equal" library="BuiltIn">
<arg>${color}</arg>
<arg>${checkmark_green}</arg>
<doc>Fails if the given objects are unequal.</doc>
<status status="PASS" starttime="20240128 12:39:20.672" endtime="20240128 12:39:20.672"/>
</kw>
<status status="PASS" starttime="20240128 12:39:20.665" endtime="20240128 12:39:20.672"/>
</kw>
<kw name="Checkmark in Order Extras Section is Green" library="ReservationFlightPage">
<kw name="Get Element Attribute" library="SeleniumLibrary">
<var>${style}</var>
<arg>${reservation_flight_checkmark_orderextras}</arg>
<arg>style</arg>
<doc>Returns the value of ``attribute`` from the element ``locator``.</doc>
<msg timestamp="20240128 12:39:20.681" level="INFO">${style} = border-radius: 50%; background-color: rgb(99, 174, 92); border-color: rgb(99, 174, 92); color: rgb(255, 255, 255);</msg>
<status status="PASS" starttime="20240128 12:39:20.673" endtime="20240128 12:39:20.681"/>
</kw>
<kw name="Evaluate" library="BuiltIn">
<var>${color}</var>
<arg>re.search("background-color: *(.*?);", '''${style}''').group(1)</arg>
<doc>Evaluates the given expression in Python and returns the result.</doc>
<msg timestamp="20240128 12:39:20.681" level="INFO">${color} = rgb(99, 174, 92)</msg>
<status status="PASS" starttime="20240128 12:39:20.681" endtime="20240128 12:39:20.681"/>
</kw>
<kw name="Should Be Equal" library="BuiltIn">
<arg>${color}</arg>
<arg>${checkmark_green}</arg>
<doc>Fails if the given objects are unequal.</doc>
<status status="PASS" starttime="20240128 12:39:20.682" endtime="20240128 12:39:20.682"/>
</kw>
<status status="PASS" starttime="20240128 12:39:20.672" endtime="20240128 12:39:20.682"/>
</kw>
<status status="PASS" starttime="20240128 12:39:20.157" endtime="20240128 12:39:20.682"/>
</kw>
<status status="PASS" starttime="20240128 12:39:10.561" endtime="20240128 12:39:20.682"/>
</kw>
<kw name="End Web Test" library="Common" type="TEARDOWN">
<kw name="Close Browser" library="SeleniumLibrary">
<doc>Closes the current browser.</doc>
<status status="PASS" starttime="20240128 12:39:20.682" endtime="20240128 12:39:20.769"/>
</kw>
<status status="PASS" starttime="20240128 12:39:20.682" endtime="20240128 12:39:20.769"/>
</kw>
<doc>Verify the data in the "Flight" form, "Passenger" form, and "Order Extras" form matches in "Booking Resume", "Order Extras", and "Detail Price" fields in "Check Out" form</doc>
<tag>arrival</tag>
<tag>m-pub-07</tag>
<tag>reservation</tag>
<tag>ts-m07-015</tag>
<tag>web public</tag>
<status status="PASS" starttime="20240128 12:38:47.373" endtime="20240128 12:39:20.770"/>
</test>
<doc>Testing joumpa</doc>
<status status="PASS" starttime="20240128 12:38:47.229" endtime="20240128 12:39:20.770"/>
</suite>
<statistics>
<total>
<stat pass="1" fail="0" skip="0">All Tests</stat>
</total>
<tag>
<stat pass="1" fail="0" skip="0">arrival</stat>
<stat pass="1" fail="0" skip="0">m-pub-07</stat>
<stat pass="1" fail="0" skip="0">reservation</stat>
<stat pass="1" fail="0" skip="0">ts-m07-015</stat>
<stat pass="1" fail="0" skip="0">web public</stat>
</tag>
<suite>
<stat pass="1" fail="0" skip="0" id="s1" name="ReservationArrivalTest">ReservationArrivalTest</stat>
</suite>
</statistics>
<errors>
<msg timestamp="20240128 12:39:20.108" level="WARN">Keyword 'Get Element Attribute' found both from a custom library 'SeleniumLibrary' and a standard library 'XML'. The custom keyword is used. To select explicitly, and to get rid of this warning, use either 'SeleniumLibrary.Get Element Attribute' or 'XML.Get Element Attribute'.</msg>
</errors>
</robot>
